<?xml version="1.0" encoding="utf-8"?>
<TestRun id="b653d411-1c74-4fd9-b7e6-5efa7b7d95b8" name="nortu@PEKA 2026-09-08 19:09:10" runUser="PEKA\nortu" xmlns="http://microsoft.com/schemas/VisualStudio/TeamTest/2010">
  <Times creation="2026-09-08T19:09:10.9244994-07:00" queuing="2026-09-08T19:09:10.9244997-07:00" start="2026-09-08T19:09:09.3993501-07:00" finish="2026-09-08T19:09:21.0761376-07:00" />
  <TestSettings name="default" id="2d775919-b90f-4a0a-bdba-25ed1e528987">
    <Deployment runDeploymentRoot="nortu_PEKA_2026-09-08_19_09_10" />
  </TestSettings>
  <Results>
    <UnitTestResult executionId="2407ef25-94aa-4b98-9244-ed62a962e965" testId="77006fb2-6ad0-90b6-971e-6dd312dd9ef7" testName="SharedMic.Agent.Tests.ControlConnectionTests.StartAfterStopOpensANewSession" computerName="PEKA" duration="00:00:00.0032400" startTime="2026-09-08T19:09:21.0036285-07:00" endTime="2026-09-08T19:09:21.0036286-07:00" testType="13cdc9d9-ddb5-4fa4-a97d-d965ccfc6d4b" outcome="Passed" testListId="8c84fa94-04c1-424b-9868-57a2d4851a1d" relativeResultsDirectory="2407ef25-94aa-4b98-9244-ed62a962e965" />
    <UnitTestResult executionId="cbba17a1-7f90-42d2-a809-85f12ccbfa7d" testId="3f4ad39a-eadc-87a0-aaea-dab7058ab3f1" testName="SharedMic.Agent.Tests.ProgramArgumentTests.RejectsAnUnknownFlag" computerName="PEKA" duration="00:00:00.0003008" startTime="2026-09-08T19:09:10.9183624-07:00" endTime="2026-09-08T19:09:10.9183624-07:00" testType="13cdc9d9-ddb5-4fa4-a97d-d965ccfc6d4b" outcome="Passed" testListId="8c84fa94-04c1-424b-9868-57a2d4851a1d" relativeResultsDirectory="cbba17a1-7f90-42d2-a809-85f12ccbfa7d" />
    <UnitTestResult executionId="4c94feb6-2b4e-459b-b740-344afa178922" testId="edb5775c-c619-56c1-7c62-0ab0d366c3be" testName="SharedMic.Agent.Tests.GoldenVectorTests.ControlVectorDecodesToExpectedMessage(name: &quot;PONG&quot;)" computerName="PEKA" duration="00:00:00.0138374" startTime="2026-09-08T19:09:10.9159922-07:00" endTime="2026-09-08T19:09:10.9159922-07:00" testType="13cdc9d9-ddb5-4fa4-a97d-d965ccfc6d4b" outcome="Passed" testListId="8c84fa94-04c1-424b-9868-57a2d4851a1d" relativeResultsDirectory="4c94feb6-2b4e-459b-b740-344afa178922" />
    <UnitTestResult executionId="c02802a8-3f94-4800-b202-3b94512cd05b" testId="3d72a8bc-5b3f-0004-6c76-2eb668387cd8" testName="SharedMic.Agent.Tests.IdentityTests.TokenIsNotStoredInPlaintextOnDisk" computerName="PEKA" duration="00:00:00.0501442" startTime="2026-09-08T19:09:11.3939185-07:00" endTime="2026-09-08T19:09:11.3939187-07:00" testType="13cdc9d9-ddb5-4fa4-a97d-d965ccfc6d4b" outcome="Passed" testListId="8c84fa94-04c1-424b-9868-57a2d4851a1d" relativeResultsDirectory="c02802a8-3f94-4800-b202-3b94512cd05b" />
    <UnitTestResult executionId="82d0ad2e-8eb7-4e3f-99f8-47a9215e2bf6" testId="bd218998-20a4-82f2-d45c-871eb0576602" testName="SharedMic.Agent.Tests.IdentityTests.ResetDisposesTheSupersededPrivateKeyContainer" computerName="PEKA" duration="00:00:00.0592029" startTime="2026-09-08T19:09:11.0457923-07:00" endTime="2026-09-08T19:09:11.0457925-07:00" testType="13cdc9d9-ddb5-4fa4-a97d-d965ccfc6d4b" outcome="Passed" testListId="8c84fa94-04c1-424b-9868-57a2d4851a1d" relativeResultsDirectory="82d0ad2e-8eb7-4e3f-99f8-47a9215e2bf6" />
    <UnitTestResult executionId="e99c7600-7a2d-4261-acee-28d29052647e" testId="fe9f7a77-afca-66e6-fa30-28b52c4c3170" testName="SharedMic.Agent.Tests.PairingAndAuthTests.EncodeDecodeIsTheIdentity" computerName="PEKA" duration="00:00:00.0010199" startTime="2026-09-08T19:09:10.9214278-07:00" endTime="2026-09-08T19:09:10.9214279-07:00" testType="13cdc9d9-ddb5-4fa4-a97d-d965ccfc6d4b" outcome="Passed" testListId="8c84fa94-04c1-424b-9868-57a2d4851a1d" relativeResultsDirectory="e99c7600-7a2d-4261-acee-28d29052647e" />
    <UnitTestResult executionId="88b413c7-cdd2-46bb-b010-97c577a890e8" testId="88bd8290-3c7e-823d-9194-c5574660b868" testName="SharedMic.Agent.Tests.GoldenVectorTests.ControlVectorDecodesToExpectedMessage(name: &quot;HELLO&quot;)" computerName="PEKA" duration="00:00:00.0000499" startTime="2026-09-08T19:09:10.9168872-07:00" endTime="2026-09-08T19:09:10.9168873-07:00" testType="13cdc9d9-ddb5-4fa4-a97d-d965ccfc6d4b" outcome="Passed" testListId="8c84fa94-04c1-424b-9868-57a2d4851a1d" relativeResultsDirectory="88b413c7-cdd2-46bb-b010-97c577a890e8" />
    <UnitTestResult executionId="cc003e36-1067-45f7-aaa2-15a40c2e925c" testId="d018d695-6bd0-e7aa-977d-e7874cb51041" testName="SharedMic.Agent.Tests.GoldenVectorTests.ControlVectorEncodesToExpectedBytes(name: &quot;START&quot;)" computerName="PEKA" duration="00:00:00.0000956" startTime="2026-09-08T19:09:10.9109008-07:00" endTime="2026-09-08T19:09:10.9109008-07:00" testType="13cdc9d9-ddb5-4fa4-a97d-d965ccfc6d4b" outcome="Passed" testListId="8c84fa94-04c1-424b-9868-57a2d4851a1d" relativeResultsDirectory="cc003e36-1067-45f7-aaa2-15a40c2e925c" />
    <UnitTestResult executionId="5eead837-a41f-4422-b904-306ea5b09019" testId="68cf4e7b-c0ab-2faa-5e00-4b69b6d73fdb" testName="SharedMic.Agent.Tests.ProgramArgumentTests.ParsesEveryFlag" computerName="PEKA" duration="00:00:00.0008225" startTime="2026-09-08T19:09:10.9177212-07:00" endTime="2026-09-08T19:09:10.9177213-07:00" testType="13cdc9d9-ddb5-4fa4-a97d-d965ccfc6d4b" outcome="Passed" testListId="8c84fa94-04c1-424b-9868-57a2d4851a1d" relativeResultsDirectory="5eead837-a41f-4422-b904-306ea5b09019" />
    <UnitTestResult executionId="48d5f7a6-f6e3-4ff4-93a0-ca9caf08cfba" testId="2ffd5083-dc56-dd82-4747-035fe0c557ce" testName="SharedMic.Agent.Tests.FrameReaderTests.ReassemblesAFrameWhoseHeaderIsSplitAcrossReads(headerSplitOffset: 2)" computerName="PEKA" duration="00:00:00.0009671" startTime="2026-09-08T19:09:10.9253557-07:00" endTime="2026-09-08T19:09:10.9253557-07:00" testType="13cdc9d9-ddb5-4fa4-a97d-d965ccfc6d4b" outcome="Passed" testListId="8c84fa94-04c1-424b-9868-57a2d4851a1d" relativeResultsDirectory="48d5f7a6-f6e3-4ff4-93a0-ca9caf08cfba" />
    <UnitTestResult executionId="500cc800-6b3e-46b9-86b6-d957d987fb49" testId="18524db9-a6bd-1ad4-809e-435b5cfa63ca" testName="SharedMic.Agent.Tests.ControlConnectionTests.AForgedLogRecordInAControlTypeClosesTheConnectionAndCountsAsAFailedAttempt" computerName="PEKA" duration="00:00:00.0031468" startTime="2026-09-08T19:09:20.0421285-07:00" endTime="2026-09-08T19:09:20.0421286-07:00" testType="13cdc9d9-ddb5-4fa4-a97d-d965ccfc6d4b" outcome="Passed" testListId="8c84fa94-04c1-424b-9868-57a2d4851a1d" relativeResultsDirectory="500cc800-6b3e-46b9-86b6-d957d987fb49" />
    <UnitTestResult executionId="56392518-eaff-4abe-8e88-c15d5620566a" testId="04279641-a4d5-87f1-7040-8602abf1608b" testName="SharedMic.Agent.Tests.ControlConnectionTests.AMegabyteOfUntrustedTextCannotAmplifyIntoAMegabyteOfLog" computerName="PEKA" duration="00:00:00.0007743" startTime="2026-09-08T19:09:20.0460824-07:00" endTime="2026-09-08T19:09:20.0460824-07:00" testType="13cdc9d9-ddb5-4fa4-a97d-d965ccfc6d4b" outcome="Passed" testListId="8c84fa94-04c1-424b-9868-57a2d4851a1d" relativeResultsDirectory="56392518-eaff-4abe-8e88-c15d5620566a" />
    <UnitTestResult executionId="0f0aa8cb-376e-440e-a550-e24edf6ccd98" testId="33707914-268e-6fc0-89c5-e05133679ea7" testName="SharedMic.Agent.Tests.ControlConnectionTests.StartIsNackedWithMicUnavailableWhenNoMicIsConfigured" computerName="PEKA" duration="00:00:00.0025153" startTime="2026-09-08T19:09:20.0448646-07:00" endTime="2026-09-08T19:09:20.0448647-07:00" testType="13cdc9d9-ddb5-4fa4-a97d-d965ccfc6d4b" outcome="Passed" testListId="8c84fa94-04c1-424b-9868-57a2d4851a1d" relativeResultsDirectory="0f0aa8cb-376e-440e-a550-e24edf6ccd98" />
    <UnitTestResult executionId="c10707dd-7269-4960-a4cb-18575143b38b" testId="a0d9d8c0-e2f4-5e0d-a466-275e69d8b7e6" testName="SharedMic.Agent.Tests.SessionStateMachineTests.MicLossDoesNotEndAnAlreadyActiveSessionThroughStart" computerName="PEKA" duration="00:00:00.0001594" startTime="2026-09-08T19:09:10.9191145-07:00" endTime="2026-09-08T19:09:10.9191146-07:00" testType="13cdc9d9-ddb5-4fa4-a97d-d965ccfc6d4b" outcome="Passed" testListId="8c84fa94-04c1-424b-9868-57a2d4851a1d" relativeResultsDirectory="c10707dd-7269-4960-a4cb-18575143b38b" />
    <UnitTestResult executionId="6a837dc9-aadd-4c2e-91b3-0e105920eeff" testId="8a2eef14-7792-bbcd-975d-fe85dda998ec" testName="SharedMic.Agent.Tests.DeviceManagerTests.PinnedEndpointIdMatchesProbeMeasurement" computerName="PEKA" duration="00:00:00.0000709" startTime="2026-09-08T19:09:10.9146628-07:00" endTime="2026-09-08T19:09:10.9146628-07:00" testType="13cdc9d9-ddb5-4fa4-a97d-d965ccfc6d4b" outcome="Passed" testListId="8c84fa94-04c1-424b-9868-57a2d4851a1d" relativeResultsDirectory="6a837dc9-aadd-4c2e-91b3-0e105920eeff" />
    <UnitTestResult executionId="8987a386-ff8f-4946-88c3-cf508fee3395" testId="33c84ffc-4ec6-61c1-9574-c137972f3469" testName="SharedMic.Agent.Tests.TlsListenerTests.BindsTheConfiguredPortOnLoopback" computerName="PEKA" duration="00:00:00.0692224" startTime="2026-09-08T19:09:14.8821734-07:00" endTime="2026-09-08T19:09:14.8821766-07:00" testType="13cdc9d9-ddb5-4fa4-a97d-d965ccfc6d4b" outcome="Passed" testListId="8c84fa94-04c1-424b-9868-57a2d4851a1d" relativeResultsDirectory="8987a386-ff8f-4946-88c3-cf508fee3395" />
    <UnitTestResult executionId="192986b0-3ddb-4ad9-8530-9dceda7cc968" testId="1094f50d-c663-b279-defa-e7bb05283007" testName="SharedMic.Agent.Tests.IdentityTests.NoTemporaryFileIsLeftBehindAfterASuccessfulWrite" computerName="PEKA" duration="00:00:00.0484059" startTime="2026-09-08T19:09:11.1771970-07:00" endTime="2026-09-08T19:09:11.1771979-07:00" testType="13cdc9d9-ddb5-4fa4-a97d-d965ccfc6d4b" outcome="Passed" testListId="8c84fa94-04c1-424b-9868-57a2d4851a1d" relativeResultsDirectory="192986b0-3ddb-4ad9-8530-9dceda7cc968" />
    <UnitTestResult executionId="4092a83b-b9aa-4aa0-a424-8eb5c2040643" testId="05ba4b31-9865-ce53-ad54-016b0232c06e" testName="SharedMic.Agent.Tests.ProgramArgumentTests.RejectsAPortOutsideTheLegalRange(port: &quot;65536&quot;)" computerName="PEKA" duration="00:00:00.0001912" startTime="2026-09-08T19:09:10.9178606-07:00" endTime="2026-09-08T19:09:10.9178607-07:00" testType="13cdc9d9-ddb5-4fa4-a97d-d965ccfc6d4b" outcome="Passed" testListId="8c84fa94-04c1-424b-9868-57a2d4851a1d" relativeResultsDirectory="4092a83b-b9aa-4aa0-a424-8eb5c2040643" />
    <UnitTestResult executionId="bdfccf2f-630c-4b4a-93e8-4f2087418f7c" testId="7dc925cf-98a4-4b50-ab0d-3e83c19994da" testName="SharedMic.Agent.Tests.ControlConnectionTests.HeartbeatTrafficKeepsTheConnectionAlivePastTheDeadPeerTimeout" computerName="PEKA" duration="00:00:06.8548590" startTime="2026-09-08T19:09:18.6243477-07:00" endTime="2026-09-08T19:09:18.6243481-07:00" testType="13cdc9d9-ddb5-4fa4-a97d-d965ccfc6d4b" outcome="Passed" testListId="8c84fa94-04c1-424b-9868-57a2d4851a1d" relativeResultsDirectory="bdfccf2f-630c-4b4a-93e8-4f2087418f7c" />
    <UnitTestResult executionId="ff79ff88-730e-466e-a574-8e3c189860c7" testId="19bf8937-6ff7-827a-7742-b042393200c5" testName="SharedMic.Agent.Tests.AuthRateLimiterTests.ACorrectTokenIsAlsoRefusedWhileLockedOut" computerName="PEKA" duration="00:00:00.0001684" startTime="2026-09-08T19:09:10.9152129-07:00" endTime="2026-09-08T19:09:10.9152129-07:00" testType="13cdc9d9-ddb5-4fa4-a97d-d965ccfc6d4b" outcome="Passed" testListId="8c84fa94-04c1-424b-9868-57a2d4851a1d" relativeResultsDirectory="ff79ff88-730e-466e-a574-8e3c189860c7" />
    <UnitTestResult executionId="88cc1414-c0bc-46a4-9887-b516e2a28ce0" testId="c108d1fa-7845-d13f-337c-7d6e756a6243" testName="SharedMic.Agent.Tests.ControlConnectionAudioTests.FailedCaptureOpenIsNackedAndLeavesNoSessionBehind" computerName="PEKA" duration="00:00:00.0039562" startTime="2026-09-08T19:09:12.8006030-07:00" endTime="2026-09-08T19:09:12.8006031-07:00" testType="13cdc9d9-ddb5-4fa4-a97d-d965ccfc6d4b" outcome="Passed" testListId="8c84fa94-04c1-424b-9868-57a2d4851a1d" relativeResultsDirectory="88cc1414-c0bc-46a4-9887-b516e2a28ce0" />
    <UnitTestResult executionId="fb230731-311b-44b5-9da5-bd7c3bc0f141" testId="ef840d31-240e-8b45-fd63-e195d4f62f7c" testName="SharedMic.Agent.Tests.TrayAudioTests.ChannelMenuSelectsTheModeOnTheLiveService" computerName="PEKA" duration="00:00:00.0407986" startTime="2026-09-08T19:09:11.2687590-07:00" endTime="2026-09-08T19:09:11.2687594-07:00" testType="13cdc9d9-ddb5-4fa4-a97d-d965ccfc6d4b" outcome="Passed" testListId="8c84fa94-04c1-424b-9868-57a2d4851a1d" relativeResultsDirectory="fb230731-311b-44b5-9da5-bd7c3bc0f141" />
    <UnitTestResult executionId="f01031e8-9f89-4bda-b56d-effa08e6cca6" testId="12cfdf79-9095-5172-92f6-980eca673501" testName="SharedMic.Agent.Tests.FrameReaderTests.PropagatesAnUnknownFrameTypeAsAProtocolViolation" computerName="PEKA" duration="00:00:00.0006261" startTime="2026-09-08T19:09:10.9343949-07:00" endTime="2026-09-08T19:09:10.9343950-07:00" testType="13cdc9d9-ddb5-4fa4-a97d-d965ccfc6d4b" outcome="Passed" testListId="8c84fa94-04c1-424b-9868-57a2d4851a1d" relativeResultsDirectory="f01031e8-9f89-4bda-b56d-effa08e6cca6" />
    <UnitTestResult executionId="d4f4b7d3-0744-4ae9-a5c8-37d7bb66cfcd" testId="5f79d75b-b842-89ef-d19c-22ed72afba58" testName="SharedMic.Agent.Tests.GoldenVectorTests.ControlVectorDecodesToExpectedMessage(name: &quot;START_NACK&quot;)" computerName="PEKA" duration="00:00:00.0000354" startTime="2026-09-08T19:09:10.9170873-07:00" endTime="2026-09-08T19:09:10.9170874-07:00" testType="13cdc9d9-ddb5-4fa4-a97d-d965ccfc6d4b" outcome="Passed" testListId="8c84fa94-04c1-424b-9868-57a2d4851a1d" relativeResultsDirectory="d4f4b7d3-0744-4ae9-a5c8-37d7bb66cfcd" />
    <UnitTestResult executionId="a73083ac-90c7-4ce7-adfe-f402b7bc0dd9" testId="d1a759fb-fd3e-433c-567d-c81e7dd19944" testName="SharedMic.Agent.Tests.ControlCodecTests.IntegersEncodeWithoutADecimalPoint" computerName="PEKA" duration="00:00:00.0002152" startTime="2026-09-08T19:09:10.9193615-07:00" endTime="2026-09-08T19:09:10.9193615-07:00" testType="13cdc9d9-ddb5-4fa4-a97d-d965ccfc6d4b" outcome="Passed" testListId="8c84fa94-04c1-424b-9868-57a2d4851a1d" relativeResultsDirectory="a73083ac-90c7-4ce7-adfe-f402b7bc0dd9" />
    <UnitTestResult executionId="ba9920fc-b3bd-4251-b347-1f2c1af03952" testId="6b2a07ee-45ab-f7f0-20ff-cb583bbd3135" testName="SharedMic.Agent.Tests.AuthRateLimiterTests.FifthConsecutiveFailureLocksOutForThirtySeconds" computerName="PEKA" duration="00:00:00.0046377" startTime="2026-09-08T19:09:10.9131076-07:00" endTime="2026-09-08T19:09:10.9131077-07:00" testType="13cdc9d9-ddb5-4fa4-a97d-d965ccfc6d4b" outcome="Passed" testListId="8c84fa94-04c1-424b-9868-57a2d4851a1d" relativeResultsDirectory="ba9920fc-b3bd-4251-b347-1f2c1af03952" />
    <UnitTestResult executionId="16f1b870-ef48-4198-8512-f5d8eed37c70" testId="5a1b853c-921e-1827-d8d1-c0e1c034445e" testName="SharedMic.Agent.Tests.FrameCodecTests.ReturnsFalseWhenHeaderIsIncomplete" computerName="PEKA" duration="00:00:00.0001388" startTime="2026-09-08T19:09:10.9086953-07:00" endTime="2026-09-08T19:09:10.9086953-07:00" testType="13cdc9d9-ddb5-4fa4-a97d-d965ccfc6d4b" outcome="Passed" testListId="8c84fa94-04c1-424b-9868-57a2d4851a1d" relativeResultsDirectory="16f1b870-ef48-4198-8512-f5d8eed37c70" />
    <UnitTestResult executionId="ff5745ad-05c3-46a4-b71c-a19df42e91a8" testId="6cb9466f-7250-2035-8017-0794a593fcd4" testName="SharedMic.Agent.Tests.ControlConnectionTests.SendsGreetingImmediatelyWithASixtyFourCharacterNonce" computerName="PEKA" duration="00:00:00.0024070" startTime="2026-09-08T19:09:20.3733811-07:00" endTime="2026-09-08T19:09:20.3733813-07:00" testType="13cdc9d9-ddb5-4fa4-a97d-d965ccfc6d4b" outcome="Passed" testListId="8c84fa94-04c1-424b-9868-57a2d4851a1d" relativeResultsDirectory="ff5745ad-05c3-46a4-b71c-a19df42e91a8" />
    <UnitTestResult executionId="216021b1-3e7d-4abf-a14f-814319062ac3" testId="93b8c338-dd8d-cb72-49ff-16caf4ef83ae" testName="SharedMic.Agent.Tests.AudioPayloadCodecTests.PcmSamplesAreLittleEndianEvenThoughTheHeaderIsBigEndian" computerName="PEKA" duration="00:00:00.0030680" startTime="2026-09-08T19:09:10.9221676-07:00" endTime="2026-09-08T19:09:10.9221676-07:00" testType="13cdc9d9-ddb5-4fa4-a97d-d965ccfc6d4b" outcome="Passed" testListId="8c84fa94-04c1-424b-9868-57a2d4851a1d" relativeResultsDirectory="216021b1-3e7d-4abf-a14f-814319062ac3" />
    <UnitTestResult executionId="81862820-5558-4292-9dd4-c6a678c28679" testId="44f0e97a-3906-8c91-dffd-ea0bfdc93335" testName="SharedMic.Agent.Tests.TrayAppTests.ClickingThePairingItemCopiesThePairingStringToTheClipboard" computerName="PEKA" duration="00:00:00.0483253" startTime="2026-09-08T19:09:11.3272627-07:00" endTime="2026-09-08T19:09:11.3272640-07:00" testType="13cdc9d9-ddb5-4fa4-a97d-d965ccfc6d4b" outcome="Passed" testListId="8c84fa94-04c1-424b-9868-57a2d4851a1d" relativeResultsDirectory="81862820-5558-4292-9dd4-c6a678c28679" />
    <UnitTestResult executionId="b211841a-976f-44b7-9b64-abcd34095027" testId="8086d6b1-4642-1723-51e3-b8aeb6a06e41" testName="SharedMic.Agent.Tests.PrivateAddressTests.PublicAddressesAreRejected(address: &quot;2606:4700:4700::1111&quot;)" computerName="PEKA" duration="00:00:00.0043764" startTime="2026-09-08T19:09:10.9115380-07:00" endTime="2026-09-08T19:09:10.9115380-07:00" testType="13cdc9d9-ddb5-4fa4-a97d-d965ccfc6d4b" outcome="Passed" testListId="8c84fa94-04c1-424b-9868-57a2d4851a1d" relativeResultsDirectory="b211841a-976f-44b7-9b64-abcd34095027" />
    <UnitTestResult executionId="e941568c-d789-42fd-a1e2-7bf061465671" testId="d417f7b3-1c17-e117-7d18-e360391e936f" testName="SharedMic.Agent.Tests.GoldenVectorTests.AudioVectorTimestampsAdvanceByOneFrameDuration" computerName="PEKA" duration="00:00:00.0002986" startTime="2026-09-08T19:09:10.9245505-07:00" endTime="2026-09-08T19:09:10.9245505-07:00" testType="13cdc9d9-ddb5-4fa4-a97d-d965ccfc6d4b" outcome="Passed" testListId="8c84fa94-04c1-424b-9868-57a2d4851a1d" relativeResultsDirectory="e941568c-d789-42fd-a1e2-7bf061465671" />
    <UnitTestResult executionId="6566412f-43c4-4547-bb20-a69e33067195" testId="11da3712-c88f-70bd-5ce7-d55b829ad983" testName="SharedMic.Agent.Tests.ControlConnectionTests.IdleConnectionIsClosedAtThePreAuthDeadline" computerName="PEKA" duration="00:00:00.4029432" startTime="2026-09-08T19:09:19.7078883-07:00" endTime="2026-09-08T19:09:19.7078887-07:00" testType="13cdc9d9-ddb5-4fa4-a97d-d965ccfc6d4b" outcome="Passed" testListId="8c84fa94-04c1-424b-9868-57a2d4851a1d" relativeResultsDirectory="6566412f-43c4-4547-bb20-a69e33067195" />
    <UnitTestResult executionId="817527bf-9f14-42fc-907a-20f3573283d0" testId="0e5e0a20-380e-76e8-929e-9ae4f71c73a0" testName="SharedMic.Agent.Tests.MicCaptureServiceTests.PartialBufferEmitsNothingUntilAFullFrameArrives" computerName="PEKA" duration="00:00:00.0015009" startTime="2026-09-08T19:09:10.9253086-07:00" endTime="2026-09-08T19:09:10.9253087-07:00" testType="13cdc9d9-ddb5-4fa4-a97d-d965ccfc6d4b" outcome="Passed" testListId="8c84fa94-04c1-424b-9868-57a2d4851a1d" relativeResultsDirectory="817527bf-9f14-42fc-907a-20f3573283d0" />
    <UnitTestResult executionId="c37af740-9a5d-4476-8ef1-cc66e48a462a" testId="20521b74-4168-c89f-8ff8-07237eb79107" testName="SharedMic.Agent.Tests.ProgramArgumentTests.RejectsAPortOutsideTheLegalRange(port: &quot;99999&quot;)" computerName="PEKA" duration="00:00:00.0000211" startTime="2026-09-08T19:09:10.9178903-07:00" endTime="2026-09-08T19:09:10.9178904-07:00" testType="13cdc9d9-ddb5-4fa4-a97d-d965ccfc6d4b" outcome="Passed" testListId="8c84fa94-04c1-424b-9868-57a2d4851a1d" relativeResultsDirectory="c37af740-9a5d-4476-8ef1-cc66e48a462a" />
    <UnitTestResult executionId="1ca9ccea-df28-49b8-b9b9-17cd6586395a" testId="e99427f1-e15e-6a92-cbc5-ca154534e5fe" testName="SharedMic.Agent.Tests.PcmNormalizerTests.ToS16LeBytesIsLittleEndian" computerName="PEKA" duration="00:00:00.0007106" startTime="2026-09-08T19:09:10.9084785-07:00" endTime="2026-09-08T19:09:10.9084785-07:00" testType="13cdc9d9-ddb5-4fa4-a97d-d965ccfc6d4b" outcome="Passed" testListId="8c84fa94-04c1-424b-9868-57a2d4851a1d" relativeResultsDirectory="1ca9ccea-df28-49b8-b9b9-17cd6586395a" />
    <UnitTestResult executionId="58cdb542-3339-4717-b5e2-b9c127ba58fb" testId="04390f48-e372-441c-23f6-0098faf99782" testName="SharedMic.Agent.Tests.GoldenVectorTests.ControlVectorEncodesToExpectedBytes(name: &quot;GREETING&quot;)" computerName="PEKA" duration="00:00:00.0000602" startTime="2026-09-08T19:09:10.9115962-07:00" endTime="2026-09-08T19:09:10.9115963-07:00" testType="13cdc9d9-ddb5-4fa4-a97d-d965ccfc6d4b" outcome="Passed" testListId="8c84fa94-04c1-424b-9868-57a2d4851a1d" relativeResultsDirectory="58cdb542-3339-4717-b5e2-b9c127ba58fb" />
    <UnitTestResult executionId="d6a2acc0-b159-4be4-ba3f-5eb2cce492ea" testId="d080a5bd-68ba-bf0c-24b6-9c6345634e09" testName="SharedMic.Agent.Tests.ControlConnectionTests.ASilentAuthenticatedPeerIsDeclaredDead" computerName="PEKA" duration="00:00:00.6229086" startTime="2026-09-08T19:09:21.0000694-07:00" endTime="2026-09-08T19:09:21.0000697-07:00" testType="13cdc9d9-ddb5-4fa4-a97d-d965ccfc6d4b" outcome="Passed" testListId="8c84fa94-04c1-424b-9868-57a2d4851a1d" relativeResultsDirectory="d6a2acc0-b159-4be4-ba3f-5eb2cce492ea" />
    <UnitTestResult executionId="778de6a3-37a6-48a5-9775-11a6d1a49d5b" testId="399b52ae-3123-441f-d0ff-9802f5db6225" testName="SharedMic.Agent.Tests.PrivateAddressTests.CarrierGradeNatAddressesAreRejected(address: &quot;100.64.0.1&quot;)" computerName="PEKA" duration="00:00:00.0897744" startTime="2026-09-08T19:09:10.8857670-07:00" endTime="2026-09-08T19:09:10.8857672-07:00" testType="13cdc9d9-ddb5-4fa4-a97d-d965ccfc6d4b" outcome="Passed" testListId="8c84fa94-04c1-424b-9868-57a2d4851a1d" relativeResultsDirectory="778de6a3-37a6-48a5-9775-11a6d1a49d5b" />
    <UnitTestResult executionId="be5db1cc-05d2-466f-bcf5-676c740804d3" testId="ac47a8ad-a21f-1ecb-227a-c5a491af3ef3" testName="SharedMic.Agent.Tests.AudioPayloadCodecTests.DecodeRefusesAnythingOtherThanExactly1932Bytes" computerName="PEKA" duration="00:00:00.0007903" startTime="2026-09-08T19:09:10.9184041-07:00" endTime="2026-09-08T19:09:10.9184041-07:00" testType="13cdc9d9-ddb5-4fa4-a97d-d965ccfc6d4b" outcome="Passed" testListId="8c84fa94-04c1-424b-9868-57a2d4851a1d" relativeResultsDirectory="be5db1cc-05d2-466f-bcf5-676c740804d3" />
    <UnitTestResult executionId="50fde2ae-8e09-4a35-b55d-b80c130d694f" testId="a207e07d-c926-44bf-5791-d3672f098b56" testName="SharedMic.Agent.Tests.DeviceManagerTests.HotReplugRaisesPresenceChangedWithNewLabel" computerName="PEKA" duration="00:00:00.0006847" startTime="2026-09-08T19:09:10.9137954-07:00" endTime="2026-09-08T19:09:10.9137955-07:00" testType="13cdc9d9-ddb5-4fa4-a97d-d965ccfc6d4b" outcome="Passed" testListId="8c84fa94-04c1-424b-9868-57a2d4851a1d" relativeResultsDirectory="50fde2ae-8e09-4a35-b55d-b80c130d694f" />
    <UnitTestResult executionId="534ca513-fa8d-43d7-a9ad-6f5ee18d02bc" testId="1cf950d6-d051-f3c0-f48b-87a49a807b4c" testName="SharedMic.Agent.Tests.ProgramArgumentTests.RejectsAPortOutsideTheLegalRange(port: &quot;0&quot;)" computerName="PEKA" duration="00:00:00.0000178" startTime="2026-09-08T19:09:10.9183156-07:00" endTime="2026-09-08T19:09:10.9183157-07:00" testType="13cdc9d9-ddb5-4fa4-a97d-d965ccfc6d4b" outcome="Passed" testListId="8c84fa94-04c1-424b-9868-57a2d4851a1d" relativeResultsDirectory="534ca513-fa8d-43d7-a9ad-6f5ee18d02bc" />
    <UnitTestResult executionId="f618e1cd-2bd1-4364-befc-4f2cf8550452" testId="2e87ee38-1f0b-c6d7-3215-7b28887e40c9" testName="SharedMic.Agent.Tests.MicCaptureServiceTests.LevelMeterTracksSignalPresence" computerName="PEKA" duration="00:00:00.0019863" startTime="2026-09-08T19:09:10.9266316-07:00" endTime="2026-09-08T19:09:10.9266316-07:00" testType="13cdc9d9-ddb5-4fa4-a97d-d965ccfc6d4b" outcome="Passed" testListId="8c84fa94-04c1-424b-9868-57a2d4851a1d" relativeResultsDirectory="f618e1cd-2bd1-4364-befc-4f2cf8550452" />
    <UnitTestResult executionId="9eb27d52-c7db-4e4c-92d5-306f2f8a1377" testId="c4e660c6-955e-8d49-c938-f0160ce111ae" testName="SharedMic.Agent.Tests.GoldenVectorTests.ControlVectorDecodesToExpectedMessage(name: &quot;STOP_ACK&quot;)" computerName="PEKA" duration="00:00:00.0000538" startTime="2026-09-08T19:09:10.9165067-07:00" endTime="2026-09-08T19:09:10.9165068-07:00" testType="13cdc9d9-ddb5-4fa4-a97d-d965ccfc6d4b" outcome="Passed" testListId="8c84fa94-04c1-424b-9868-57a2d4851a1d" relativeResultsDirectory="9eb27d52-c7db-4e4c-92d5-306f2f8a1377" />
    <UnitTestResult executionId="54771c3a-0123-4e2b-996e-45ad873bb84c" testId="aee1f7f0-6164-43e1-20e7-1b11c8ff5adb" testName="SharedMic.Agent.Tests.PairingAndAuthTests.VerifyAcceptsTheMatchingProof" computerName="PEKA" duration="00:00:00.0001038" startTime="2026-09-08T19:09:10.9245830-07:00" endTime="2026-09-08T19:09:10.9245831-07:00" testType="13cdc9d9-ddb5-4fa4-a97d-d965ccfc6d4b" outcome="Passed" testListId="8c84fa94-04c1-424b-9868-57a2d4851a1d" relativeResultsDirectory="54771c3a-0123-4e2b-996e-45ad873bb84c" />
    <UnitTestResult executionId="6e7b1fba-4305-4395-8f1b-add77314efe1" testId="94dd0d01-eb72-fb3b-5ed0-876f024db5b0" testName="SharedMic.Agent.Tests.ControlCodecTests.EncodesWithSortedKeysAndNoSeparatorWhitespace" computerName="PEKA" duration="00:00:00.0001440" startTime="2026-09-08T19:09:10.9194126-07:00" endTime="2026-09-08T19:09:10.9194127-07:00" testType="13cdc9d9-ddb5-4fa4-a97d-d965ccfc6d4b" outcome="Passed" testListId="8c84fa94-04c1-424b-9868-57a2d4851a1d" relativeResultsDirectory="6e7b1fba-4305-4395-8f1b-add77314efe1" />
    <UnitTestResult executionId="9a677b24-3ec9-44ed-b27e-29fd9f973ca2" testId="6fd74293-ead9-1fb0-1e04-34cfa92ab5c3" testName="SharedMic.Agent.Tests.IdentityTests.FingerprintIsLowercaseHexSha256OfTheDerEncoding" computerName="PEKA" duration="00:00:00.0317551" startTime="2026-09-08T19:09:11.2735790-07:00" endTime="2026-09-08T19:09:11.2735790-07:00" testType="13cdc9d9-ddb5-4fa4-a97d-d965ccfc6d4b" outcome="Passed" testListId="8c84fa94-04c1-424b-9868-57a2d4851a1d" relativeResultsDirectory="9a677b24-3ec9-44ed-b27e-29fd9f973ca2" />
    <UnitTestResult executionId="b0bdc608-760f-42e1-a66f-4a2d6f60f7fc" testId="ed582973-45f9-4750-95d6-456d7a3e86cc" testName="SharedMic.Agent.Tests.TrayAppTests.IncludesADetailWhenOneIsGiven" computerName="PEKA" duration="00:00:00.0003097" startTime="2026-09-08T19:09:11.2787534-07:00" endTime="2026-09-08T19:09:11.2787536-07:00" testType="13cdc9d9-ddb5-4fa4-a97d-d965ccfc6d4b" outcome="Passed" testListId="8c84fa94-04c1-424b-9868-57a2d4851a1d" relativeResultsDirectory="b0bdc608-760f-42e1-a66f-4a2d6f60f7fc" />
    <UnitTestResult executionId="1ffdefd6-183f-4585-979a-d2cc6b5c714d" testId="8d01c159-8612-3812-9f82-f90960aae672" testName="SharedMic.Agent.Tests.ControlCodecTests.RejectsNonObjectJson" computerName="PEKA" duration="00:00:00.0002832" startTime="2026-09-08T19:09:10.9243605-07:00" endTime="2026-09-08T19:09:10.9243606-07:00" testType="13cdc9d9-ddb5-4fa4-a97d-d965ccfc6d4b" outcome="Passed" testListId="8c84fa94-04c1-424b-9868-57a2d4851a1d" relativeResultsDirectory="1ffdefd6-183f-4585-979a-d2cc6b5c714d" />
    <UnitTestResult executionId="6479f7f4-bf27-436f-9c7d-b232009d4cfc" testId="2e124144-1201-c464-47f2-5911ca025c14" testName="SharedMic.Agent.Tests.FrameReaderTests.ReassemblesAFrameWhoseHeaderIsSplitAcrossReads(headerSplitOffset: 4)" computerName="PEKA" duration="00:00:00.1236951" startTime="2026-09-08T19:09:10.9251941-07:00" endTime="2026-09-08T19:09:10.9251941-07:00" testType="13cdc9d9-ddb5-4fa4-a97d-d965ccfc6d4b" outcome="Passed" testListId="8c84fa94-04c1-424b-9868-57a2d4851a1d" relativeResultsDirectory="6479f7f4-bf27-436f-9c7d-b232009d4cfc" />
    <UnitTestResult executionId="478da866-7e17-4e3d-af29-d78148e6ce1d" testId="0eb1dd0b-95bf-8cd6-9419-0916228b4ba1" testName="SharedMic.Agent.Tests.SessionStateMachineTests.DuplicateStopSucceeds" computerName="PEKA" duration="00:00:00.0001416" startTime="2026-09-08T19:09:10.9202619-07:00" endTime="2026-09-08T19:09:10.9202620-07:00" testType="13cdc9d9-ddb5-4fa4-a97d-d965ccfc6d4b" outcome="Passed" testListId="8c84fa94-04c1-424b-9868-57a2d4851a1d" relativeResultsDirectory="478da866-7e17-4e3d-af29-d78148e6ce1d" />
    <UnitTestResult executionId="c2b186cc-bbf8-4d55-baa6-e00a40d04ff0" testId="8e002c2b-d77c-026c-f3f9-f4567877f999" testName="SharedMic.Agent.Tests.MicCaptureServiceTests.FailedOpenReportsMicUnavailable" computerName="PEKA" duration="00:00:00.0002010" startTime="2026-09-08T19:09:10.9260115-07:00" endTime="2026-09-08T19:09:10.9260115-07:00" testType="13cdc9d9-ddb5-4fa4-a97d-d965ccfc6d4b" outcome="Passed" testListId="8c84fa94-04c1-424b-9868-57a2d4851a1d" relativeResultsDirectory="c2b186cc-bbf8-4d55-baa6-e00a40d04ff0" />
    <UnitTestResult executionId="31c2e5ad-21ec-4845-85e2-60446859b810" testId="09ef8709-6f35-e30d-ca5d-48c9199fb276" testName="SharedMic.Agent.Tests.FrameReaderTests.ReassemblesAFrameWhoseHeaderIsSplitAcrossReads(headerSplitOffset: 3)" computerName="PEKA" duration="00:00:00.0005090" startTime="2026-09-08T19:09:10.9265019-07:00" endTime="2026-09-08T19:09:10.9265019-07:00" testType="13cdc9d9-ddb5-4fa4-a97d-d965ccfc6d4b" outcome="Passed" testListId="8c84fa94-04c1-424b-9868-57a2d4851a1d" relativeResultsDirectory="31c2e5ad-21ec-4845-85e2-60446859b810" />
    <UnitTestResult executionId="b72d4731-8721-471d-b55e-360a06cbf097" testId="de1a85c6-d394-6800-8f6e-7ae7bcb4f238" testName="SharedMic.Agent.Tests.PrioritySendQueueTests.DiscardingAudioWhileAWaiterIsPendingDoesNotHandItAPhantomFrame" computerName="PEKA" duration="00:00:00.1075885" startTime="2026-09-08T19:09:16.9619233-07:00" endTime="2026-09-08T19:09:16.9619236-07:00" testType="13cdc9d9-ddb5-4fa4-a97d-d965ccfc6d4b" outcome="Passed" testListId="8c84fa94-04c1-424b-9868-57a2d4851a1d" relativeResultsDirectory="b72d4731-8721-471d-b55e-360a06cbf097" />
    <UnitTestResult executionId="e3a5c450-239a-4030-8b56-c32f66412058" testId="747a336e-7584-dd6a-71bc-4cc13b883162" testName="SharedMic.Agent.Tests.FrameCodecTests.EncodesTheMaximumLegalPayload" computerName="PEKA" duration="00:00:00.0106543" startTime="2026-09-08T19:09:10.9159313-07:00" endTime="2026-09-08T19:09:10.9159313-07:00" testType="13cdc9d9-ddb5-4fa4-a97d-d965ccfc6d4b" outcome="Passed" testListId="8c84fa94-04c1-424b-9868-57a2d4851a1d" relativeResultsDirectory="e3a5c450-239a-4030-8b56-c32f66412058" />
    <UnitTestResult executionId="e883d85c-1bde-4c59-9551-9fa69224df91" testId="173a63aa-f0fe-b817-0452-289bcd659a8c" testName="SharedMic.Agent.Tests.PrivateAddressTests.PublicAddressesAreRejected(address: &quot;172.15.255.255&quot;)" computerName="PEKA" duration="00:00:00.0001823" startTime="2026-09-08T19:09:10.9117538-07:00" endTime="2026-09-08T19:09:10.9117542-07:00" testType="13cdc9d9-ddb5-4fa4-a97d-d965ccfc6d4b" outcome="Passed" testListId="8c84fa94-04c1-424b-9868-57a2d4851a1d" relativeResultsDirectory="e883d85c-1bde-4c59-9551-9fa69224df91" />
    <UnitTestResult executionId="9a6e62e7-8fdd-41df-ae73-49f224769490" testId="09daaea5-c2d8-4af7-28ab-7f1d69d7560e" testName="SharedMic.Agent.Tests.ControlCodecTests.RejectsMalformedJson" computerName="PEKA" duration="00:00:00.0003538" startTime="2026-09-08T19:09:10.9246267-07:00" endTime="2026-09-08T19:09:10.9246268-07:00" testType="13cdc9d9-ddb5-4fa4-a97d-d965ccfc6d4b" outcome="Passed" testListId="8c84fa94-04c1-424b-9868-57a2d4851a1d" relativeResultsDirectory="9a6e62e7-8fdd-41df-ae73-49f224769490" />
    <UnitTestResult executionId="12a2d418-63fe-4a86-81a6-6cd4f7acfca1" testId="4f41e060-5b0b-545c-01ac-9ad01acb0571" testName="SharedMic.Agent.Tests.PcmNormalizerTests.SineFrameHoldsPeakAndZeroCrossing" computerName="PEKA" duration="00:00:00.0034652" startTime="2026-09-08T19:09:10.9110048-07:00" endTime="2026-09-08T19:09:10.9110049-07:00" testType="13cdc9d9-ddb5-4fa4-a97d-d965ccfc6d4b" outcome="Passed" testListId="8c84fa94-04c1-424b-9868-57a2d4851a1d" relativeResultsDirectory="12a2d418-63fe-4a86-81a6-6cd4f7acfca1" />
    <UnitTestResult executionId="27ad9300-cbe0-498c-b6ee-9b2bd17d92fe" testId="e7cbbe2f-b0d5-2aa4-d88c-f8daea4bfc61" testName="SharedMic.Agent.Tests.ControlCodecTests.RejectsUnknownMessageType" computerName="PEKA" duration="00:00:00.0002725" startTime="2026-09-08T19:09:10.9238032-07:00" endTime="2026-09-08T19:09:10.9238032-07:00" testType="13cdc9d9-ddb5-4fa4-a97d-d965ccfc6d4b" outcome="Passed" testListId="8c84fa94-04c1-424b-9868-57a2d4851a1d" relativeResultsDirectory="27ad9300-cbe0-498c-b6ee-9b2bd17d92fe" />
    <UnitTestResult executionId="30f3eaa2-2fa1-4c38-9fd6-6c46d70f470a" testId="69d034bf-a2ea-0829-eb93-9e18506aa475" testName="SharedMic.Agent.Tests.TrayAppTests.AStatusFromAnotherThreadNeverBlocksTheCallerAndAppliesWhenTheLoopPumps" computerName="PEKA" duration="00:00:00.3981083" startTime="2026-09-08T19:09:11.2783223-07:00" endTime="2026-09-08T19:09:11.2783227-07:00" testType="13cdc9d9-ddb5-4fa4-a97d-d965ccfc6d4b" outcome="Passed" testListId="8c84fa94-04c1-424b-9868-57a2d4851a1d" relativeResultsDirectory="30f3eaa2-2fa1-4c38-9fd6-6c46d70f470a" />
    <UnitTestResult executionId="279df80f-a39e-46a0-866f-38ebf1cffa2b" testId="30a8fb8e-4a21-5fd3-4822-d90e15f55744" testName="SharedMic.Agent.Tests.PairingAndAuthTests.ProofMatchesTheReferenceHmac" computerName="PEKA" duration="00:00:00.0026521" startTime="2026-09-08T19:09:10.9220462-07:00" endTime="2026-09-08T19:09:10.9220463-07:00" testType="13cdc9d9-ddb5-4fa4-a97d-d965ccfc6d4b" outcome="Passed" testListId="8c84fa94-04c1-424b-9868-57a2d4851a1d" relativeResultsDirectory="279df80f-a39e-46a0-866f-38ebf1cffa2b" />
    <UnitTestResult executionId="b7e7c911-1667-44ef-8a90-4d3b4d87f8a3" testId="701d0872-0784-004e-bd9f-0094726be477" testName="SharedMic.Agent.Tests.PairingAndAuthTests.DecodeToleratesHumanTranscription" computerName="PEKA" duration="00:00:00.0002646" startTime="2026-09-08T19:09:10.9238544-07:00" endTime="2026-09-08T19:09:10.9238545-07:00" testType="13cdc9d9-ddb5-4fa4-a97d-d965ccfc6d4b" outcome="Passed" testListId="8c84fa94-04c1-424b-9868-57a2d4851a1d" relativeResultsDirectory="b7e7c911-1667-44ef-8a90-4d3b4d87f8a3" />
    <UnitTestResult executionId="0e98b4ee-4bd9-4021-9239-ad55db37534b" testId="bb6de7c2-973a-0197-be2d-c64a09b59ce4" testName="SharedMic.Agent.Tests.SessionStateMachineTests.StopEndsTheActiveSessionAndReportsItsId" computerName="PEKA" duration="00:00:00.0001292" startTime="2026-09-08T19:09:10.9193145-07:00" endTime="2026-09-08T19:09:10.9193146-07:00" testType="13cdc9d9-ddb5-4fa4-a97d-d965ccfc6d4b" outcome="Passed" testListId="8c84fa94-04c1-424b-9868-57a2d4851a1d" relativeResultsDirectory="0e98b4ee-4bd9-4021-9239-ad55db37534b" />
    <UnitTestResult executionId="2a3b185c-1ef1-4a87-92a7-7fa600ef982c" testId="6c8d19d4-ec05-f084-7a08-5808c83ab1dd" testName="SharedMic.Agent.Tests.IdentityTests.PairingStringRoundTripsToTheStoredToken" computerName="PEKA" duration="00:00:00.0493028" startTime="2026-09-08T19:09:11.5056181-07:00" endTime="2026-09-08T19:09:11.5056185-07:00" testType="13cdc9d9-ddb5-4fa4-a97d-d965ccfc6d4b" outcome="Passed" testListId="8c84fa94-04c1-424b-9868-57a2d4851a1d" relativeResultsDirectory="2a3b185c-1ef1-4a87-92a7-7fa600ef982c" />
    <UnitTestResult executionId="07316f14-13ab-4fd0-8f4e-545aae6ba7d2" testId="f6243c63-0657-43dc-8c6f-ac75fbe3f1c0" testName="SharedMic.Agent.Tests.FrameCodecTests.DecodeRejectsOversizedPayloadBeforeAllocatingForIt" computerName="PEKA" duration="00:00:00.0898126" startTime="2026-09-08T19:09:10.8806769-07:00" endTime="2026-09-08T19:09:10.8807845-07:00" testType="13cdc9d9-ddb5-4fa4-a97d-d965ccfc6d4b" outcome="Passed" testListId="8c84fa94-04c1-424b-9868-57a2d4851a1d" relativeResultsDirectory="07316f14-13ab-4fd0-8f4e-545aae6ba7d2" />
    <UnitTestResult executionId="639d1a9d-b2c7-4748-bcd7-24e624e648e0" testId="d4a73003-9981-409c-6885-58b950654f09" testName="SharedMic.Agent.Tests.FrameCodecTests.LengthIsBigEndianForMultiByteLengths" computerName="PEKA" duration="00:00:00.0002502" startTime="2026-09-08T19:09:10.9087568-07:00" endTime="2026-09-08T19:09:10.9087569-07:00" testType="13cdc9d9-ddb5-4fa4-a97d-d965ccfc6d4b" outcome="Passed" testListId="8c84fa94-04c1-424b-9868-57a2d4851a1d" relativeResultsDirectory="639d1a9d-b2c7-4748-bcd7-24e624e648e0" />
    <UnitTestResult executionId="c626071b-f80b-4ecc-8ae4-6ba512f7f8c9" testId="7fe043ef-ee13-7ec7-dfbc-e7db9deea3d7" testName="SharedMic.Agent.Tests.SessionStateMachineTests.DuplicateStartIsIdempotentAndDoesNotOpenASecondSession" computerName="PEKA" duration="00:00:00.0001270" startTime="2026-09-08T19:09:10.9207106-07:00" endTime="2026-09-08T19:09:10.9207107-07:00" testType="13cdc9d9-ddb5-4fa4-a97d-d965ccfc6d4b" outcome="Passed" testListId="8c84fa94-04c1-424b-9868-57a2d4851a1d" relativeResultsDirectory="c626071b-f80b-4ecc-8ae4-6ba512f7f8c9" />
    <UnitTestResult executionId="78510a3e-3453-431c-8cd4-e9528c9b2150" testId="4f1d554d-9e99-4cb1-ab56-e4e746971034" testName="SharedMic.Agent.Tests.TlsListenerTests.ANewlyAuthenticatedConnectionSupersedesTheOlderOne" computerName="PEKA" duration="00:00:00.6917242" startTime="2026-09-08T19:09:11.7759235-07:00" endTime="2026-09-08T19:09:11.7759239-07:00" testType="13cdc9d9-ddb5-4fa4-a97d-d965ccfc6d4b" outcome="Passed" testListId="8c84fa94-04c1-424b-9868-57a2d4851a1d" relativeResultsDirectory="78510a3e-3453-431c-8cd4-e9528c9b2150" />
    <UnitTestResult executionId="98540c61-d26a-4fb4-aadb-36f253a99e42" testId="1ce4339d-7616-a9e0-55d1-107d993b247b" testName="SharedMic.Agent.Tests.PrivateAddressTests.PrivateAddressesAreAccepted(address: &quot;169.254.10.20&quot;)" computerName="PEKA" duration="00:00:00.0000060" startTime="2026-09-08T19:09:10.9138507-07:00" endTime="2026-09-08T19:09:10.9138508-07:00" testType="13cdc9d9-ddb5-4fa4-a97d-d965ccfc6d4b" outcome="Passed" testListId="8c84fa94-04c1-424b-9868-57a2d4851a1d" relativeResultsDirectory="98540c61-d26a-4fb4-aadb-36f253a99e42" />
    <UnitTestResult executionId="ee2e6895-b648-45b9-b78a-fbb6be843f06" testId="ee57e401-c7d8-8ae2-ca90-2d520634f71f" testName="SharedMic.Agent.Tests.PairingAndAuthTests.DecodeRejectsWrongLength" computerName="PEKA" duration="00:00:00.0004136" startTime="2026-09-08T19:09:10.9245036-07:00" endTime="2026-09-08T19:09:10.9245037-07:00" testType="13cdc9d9-ddb5-4fa4-a97d-d965ccfc6d4b" outcome="Passed" testListId="8c84fa94-04c1-424b-9868-57a2d4851a1d" relativeResultsDirectory="ee2e6895-b648-45b9-b78a-fbb6be843f06" />
    <UnitTestResult executionId="ff915f2b-326e-4991-a8cf-bd24d5ec5b99" testId="fa159bbf-72ed-959c-a938-f4762895b776" testName="SharedMic.Agent.Tests.GoldenVectorTests.AudioVectorEncodesToExpectedBytes(name: &quot;frame-1&quot;)" computerName="PEKA" duration="00:00:00.0000964" startTime="2026-09-08T19:09:10.9237366-07:00" endTime="2026-09-08T19:09:10.9237366-07:00" testType="13cdc9d9-ddb5-4fa4-a97d-d965ccfc6d4b" outcome="Passed" testListId="8c84fa94-04c1-424b-9868-57a2d4851a1d" relativeResultsDirectory="ff915f2b-326e-4991-a8cf-bd24d5ec5b99" />
    <UnitTestResult executionId="377200aa-cfd0-464b-b06c-c80ed6cee9f2" testId="eaf85d5c-82bf-02cf-e4cf-d321b154acba" testName="SharedMic.Agent.Tests.FrameReaderTests.ThrowsWhenTheStreamEndsInsideTheHeader(headerBytesBeforeEof: 1)" computerName="PEKA" duration="00:00:00.0000244" startTime="2026-09-08T19:09:10.9272988-07:00" endTime="2026-09-08T19:09:10.9272989-07:00" testType="13cdc9d9-ddb5-4fa4-a97d-d965ccfc6d4b" outcome="Passed" testListId="8c84fa94-04c1-424b-9868-57a2d4851a1d" relativeResultsDirectory="377200aa-cfd0-464b-b06c-c80ed6cee9f2" />
    <UnitTestResult executionId="f4ffbfa6-fad2-499b-a6b6-5a1ffc4c67d6" testId="395a78cc-3dc2-7925-e63f-534e76e6d3bf" testName="SharedMic.Agent.Tests.PrioritySendQueueTests.DequeueAsyncPrefersControlOverQueuedAudio" computerName="PEKA" duration="00:00:00.0008705" startTime="2026-09-08T19:09:10.9265848-07:00" endTime="2026-09-08T19:09:10.9265849-07:00" testType="13cdc9d9-ddb5-4fa4-a97d-d965ccfc6d4b" outcome="Passed" testListId="8c84fa94-04c1-424b-9868-57a2d4851a1d" relativeResultsDirectory="f4ffbfa6-fad2-499b-a6b6-5a1ffc4c67d6" />
    <UnitTestResult executionId="61922452-a4a2-4f67-ac44-13f39592f334" testId="3727ef0c-f990-4190-5481-0ca51d887bf1" testName="SharedMic.Agent.Tests.PcmNormalizerTests.FloatToS16ClipsAtFullScale" computerName="PEKA" duration="00:00:00.0001565" startTime="2026-09-08T19:09:10.9163789-07:00" endTime="2026-09-08T19:09:10.9163790-07:00" testType="13cdc9d9-ddb5-4fa4-a97d-d965ccfc6d4b" outcome="Passed" testListId="8c84fa94-04c1-424b-9868-57a2d4851a1d" relativeResultsDirectory="61922452-a4a2-4f67-ac44-13f39592f334" />
    <UnitTestResult executionId="e9bc3a71-ed9c-4246-8a1e-d1b57f988575" testId="2440617b-2a76-7291-0295-d202cc1e25a8" testName="SharedMic.Agent.Tests.TlsListenerTests.StartingTwiceOrAfterDisposalIsRejected" computerName="PEKA" duration="00:00:00.0412152" startTime="2026-09-08T19:09:14.9237921-07:00" endTime="2026-09-08T19:09:14.9237923-07:00" testType="13cdc9d9-ddb5-4fa4-a97d-d965ccfc6d4b" outcome="Passed" testListId="8c84fa94-04c1-424b-9868-57a2d4851a1d" relativeResultsDirectory="e9bc3a71-ed9c-4246-8a1e-d1b57f988575" />
    <UnitTestResult executionId="77ebeaee-4755-46ae-97de-2448661e0668" testId="be903079-0be3-aa57-b8dd-cb8457b053dc" testName="SharedMic.Agent.Tests.AuthRateLimiterTests.FourFailuresDoNotLockOut" computerName="PEKA" duration="00:00:00.0002558" startTime="2026-09-08T19:09:10.9150772-07:00" endTime="2026-09-08T19:09:10.9150773-07:00" testType="13cdc9d9-ddb5-4fa4-a97d-d965ccfc6d4b" outcome="Passed" testListId="8c84fa94-04c1-424b-9868-57a2d4851a1d" relativeResultsDirectory="77ebeaee-4755-46ae-97de-2448661e0668" />
    <UnitTestResult executionId="3b102a7c-8bd3-4b47-9e8a-93d1a4b00614" testId="9308e671-5f0f-27dd-3cf8-e528d9ee20bd" testName="SharedMic.Agent.Tests.FrameCodecTests.EncodeRejectsAnOversizedPayload" computerName="PEKA" duration="00:00:00.0003507" startTime="2026-09-08T19:09:10.9104088-07:00" endTime="2026-09-08T19:09:10.9104088-07:00" testType="13cdc9d9-ddb5-4fa4-a97d-d965ccfc6d4b" outcome="Passed" testListId="8c84fa94-04c1-424b-9868-57a2d4851a1d" relativeResultsDirectory="3b102a7c-8bd3-4b47-9e8a-93d1a4b00614" />
    <UnitTestResult executionId="197914c4-735e-4905-ba6e-547943a3c304" testId="50222f1d-24f2-f6c8-2527-cbb6950213b6" testName="SharedMic.Agent.Tests.FrameReaderTests.ThrowsWhenTheStreamEndsMidFrame" computerName="PEKA" duration="00:00:00.0007854" startTime="2026-09-08T19:09:10.9324948-07:00" endTime="2026-09-08T19:09:10.9324950-07:00" testType="13cdc9d9-ddb5-4fa4-a97d-d965ccfc6d4b" outcome="Passed" testListId="8c84fa94-04c1-424b-9868-57a2d4851a1d" relativeResultsDirectory="197914c4-735e-4905-ba6e-547943a3c304" />
    <UnitTestResult executionId="b7ba3391-0360-44ea-b3de-6ddc6d121a86" testId="df701429-e14e-3063-cd94-1d4482db99d9" testName="SharedMic.Agent.Tests.GoldenVectorTests.ControlVectorDecodesToExpectedMessage(name: &quot;STATUS&quot;)" computerName="PEKA" duration="00:00:00.0000673" startTime="2026-09-08T19:09:10.9169847-07:00" endTime="2026-09-08T19:09:10.9169848-07:00" testType="13cdc9d9-ddb5-4fa4-a97d-d965ccfc6d4b" outcome="Passed" testListId="8c84fa94-04c1-424b-9868-57a2d4851a1d" relativeResultsDirectory="b7ba3391-0360-44ea-b3de-6ddc6d121a86" />
    <UnitTestResult executionId="91217581-80cd-4121-a511-3ecb374208f6" testId="592f84d4-56ee-6e2d-ac2d-5fe1f5f9fc5c" testName="SharedMic.Agent.Tests.PrivateAddressTests.PrivateAddressesAreAccepted(address: &quot;127.0.0.1&quot;)" computerName="PEKA" duration="00:00:00.0000046" startTime="2026-09-08T19:09:10.9132472-07:00" endTime="2026-09-08T19:09:10.9132472-07:00" testType="13cdc9d9-ddb5-4fa4-a97d-d965ccfc6d4b" outcome="Passed" testListId="8c84fa94-04c1-424b-9868-57a2d4851a1d" relativeResultsDirectory="91217581-80cd-4121-a511-3ecb374208f6" />
    <UnitTestResult executionId="8eea5230-df75-4763-8e26-ab2c980fd6cb" testId="0c67dde7-0c0f-900a-5244-5c95abdaf5e1" testName="SharedMic.Agent.Tests.GoldenVectorTests.ControlVectorEncodesToExpectedBytes(name: &quot;STOP&quot;)" computerName="PEKA" duration="00:00:00.0000680" startTime="2026-09-08T19:09:10.9111043-07:00" endTime="2026-09-08T19:09:10.9111044-07:00" testType="13cdc9d9-ddb5-4fa4-a97d-d965ccfc6d4b" outcome="Passed" testListId="8c84fa94-04c1-424b-9868-57a2d4851a1d" relativeResultsDirectory="8eea5230-df75-4763-8e26-ab2c980fd6cb" />
    <UnitTestResult executionId="839c0689-c8a5-4943-88a3-6baf4275668b" testId="1c3fdf8d-2362-a6e5-4198-2f2bf7e54521" testName="SharedMic.Agent.Tests.AuthRateLimiterTests.DefaultsMatchTheContract" computerName="PEKA" duration="00:00:00.0002375" startTime="2026-09-08T19:09:10.9139768-07:00" endTime="2026-09-08T19:09:10.9139769-07:00" testType="13cdc9d9-ddb5-4fa4-a97d-d965ccfc6d4b" outcome="Passed" testListId="8c84fa94-04c1-424b-9868-57a2d4851a1d" relativeResultsDirectory="839c0689-c8a5-4943-88a3-6baf4275668b" />
    <UnitTestResult executionId="b123acd8-c8b9-47ef-a446-52dac2070c79" testId="ada38e21-0e2e-550b-63bc-cd2a8c592dc7" testName="SharedMic.Agent.Tests.ProgramArgumentTests.AcceptsThePortRangeEndpoints(port: &quot;1&quot;)" computerName="PEKA" duration="00:00:00.0001887" startTime="2026-09-08T19:09:10.9184869-07:00" endTime="2026-09-08T19:09:10.9184870-07:00" testType="13cdc9d9-ddb5-4fa4-a97d-d965ccfc6d4b" outcome="Passed" testListId="8c84fa94-04c1-424b-9868-57a2d4851a1d" relativeResultsDirectory="b123acd8-c8b9-47ef-a446-52dac2070c79" />
    <UnitTestResult executionId="117542c4-3f0a-49a1-979c-a5424d0b45a8" testId="c6e6d054-fb5a-3fe6-82e5-8b34bcccb930" testName="SharedMic.Agent.Tests.PrivateAddressTests.IPv4MappedAddressesAreRejected(address: &quot;::ffff:192.168.1.5&quot;)" computerName="PEKA" duration="00:00:00.0017600" startTime="2026-09-08T19:09:10.9152396-07:00" endTime="2026-09-08T19:09:10.9152396-07:00" testType="13cdc9d9-ddb5-4fa4-a97d-d965ccfc6d4b" outcome="Passed" testListId="8c84fa94-04c1-424b-9868-57a2d4851a1d" relativeResultsDirectory="117542c4-3f0a-49a1-979c-a5424d0b45a8" />
    <UnitTestResult executionId="55f559c8-4e86-465d-b6c9-3ace498cc80f" testId="ca0d6465-6d42-7355-34cb-3ef0e8490d08" testName="SharedMic.Agent.Tests.ControlConnectionTests.ThePreAuthDeadlineCountsAsAFailedAttempt" computerName="PEKA" duration="00:00:00.7301917" startTime="2026-09-08T19:09:11.7690760-07:00" endTime="2026-09-08T19:09:11.7690761-07:00" testType="13cdc9d9-ddb5-4fa4-a97d-d965ccfc6d4b" outcome="Passed" testListId="8c84fa94-04c1-424b-9868-57a2d4851a1d" relativeResultsDirectory="55f559c8-4e86-465d-b6c9-3ace498cc80f" />
    <UnitTestResult executionId="263acb01-70dd-460b-8ec7-f9c1295b3e4d" testId="494132fd-c76f-ce56-a3cf-aab7469f1af1" testName="SharedMic.Agent.Tests.FrameCodecTests.EncodesTheFiveByteBigEndianEnvelope" computerName="PEKA" duration="00:00:00.0002113" startTime="2026-09-08T19:09:10.9116323-07:00" endTime="2026-09-08T19:09:10.9116323-07:00" testType="13cdc9d9-ddb5-4fa4-a97d-d965ccfc6d4b" outcome="Passed" testListId="8c84fa94-04c1-424b-9868-57a2d4851a1d" relativeResultsDirectory="263acb01-70dd-460b-8ec7-f9c1295b3e4d" />
    <UnitTestResult executionId="f0fd7162-90cf-415f-b859-3e2a43f85495" testId="46c4ad43-1de5-4e5c-0e6a-f49ab7943bda" testName="SharedMic.Agent.Tests.ControlConnectionTests.StopWithoutStartStillReturnsStopAckEchoingTheRequestedSessionId" computerName="PEKA" duration="00:00:00.0027747" startTime="2026-09-08T19:09:19.3045297-07:00" endTime="2026-09-08T19:09:19.3045299-07:00" testType="13cdc9d9-ddb5-4fa4-a97d-d965ccfc6d4b" outcome="Passed" testListId="8c84fa94-04c1-424b-9868-57a2d4851a1d" relativeResultsDirectory="f0fd7162-90cf-415f-b859-3e2a43f85495" />
    <UnitTestResult executionId="10ce66c8-2875-4749-8ced-b9b40dafae8f" testId="084bbdff-3e1a-1b7b-e987-b6b74a965456" testName="SharedMic.Agent.Tests.PairingAndAuthTests.TokensAreNotRepeated" computerName="PEKA" duration="00:00:00.0001744" startTime="2026-09-08T19:09:10.9265516-07:00" endTime="2026-09-08T19:09:10.9265516-07:00" testType="13cdc9d9-ddb5-4fa4-a97d-d965ccfc6d4b" outcome="Passed" testListId="8c84fa94-04c1-424b-9868-57a2d4851a1d" relativeResultsDirectory="10ce66c8-2875-4749-8ced-b9b40dafae8f" />
    <UnitTestResult executionId="169084c4-0424-411c-b84d-bc3a38636e39" testId="fece7055-00a7-7258-0124-84a41691bfa9" testName="SharedMic.Agent.Tests.PrioritySendQueueTests.ControlIsUnbounded" computerName="PEKA" duration="00:00:00.0049482" startTime="2026-09-08T19:09:10.9130040-07:00" endTime="2026-09-08T19:09:10.9130041-07:00" testType="13cdc9d9-ddb5-4fa4-a97d-d965ccfc6d4b" outcome="Passed" testListId="8c84fa94-04c1-424b-9868-57a2d4851a1d" relativeResultsDirectory="169084c4-0424-411c-b84d-bc3a38636e39" />
    <UnitTestResult executionId="f8fe0dd7-d9ce-45c7-8188-e41f75a7b1f2" testId="f1422a24-0509-ca04-aa38-f42f65b61802" testName="SharedMic.Agent.Tests.PrivateAddressTests.PrivateAddressesAreAccepted(address: &quot;10.255.255.254&quot;)" computerName="PEKA" duration="00:00:00.0000035" startTime="2026-09-08T19:09:10.9137654-07:00" endTime="2026-09-08T19:09:10.9137654-07:00" testType="13cdc9d9-ddb5-4fa4-a97d-d965ccfc6d4b" outcome="Passed" testListId="8c84fa94-04c1-424b-9868-57a2d4851a1d" relativeResultsDirectory="f8fe0dd7-d9ce-45c7-8188-e41f75a7b1f2" />
    <UnitTestResult executionId="95acba9b-ce7b-4bb7-8cd3-ef89a4ddc05e" testId="b5d2bb8c-0f9f-e522-f5fa-7e8de0f66638" testName="SharedMic.Agent.Tests.FrameReaderTests.ThrowsWhenTheStreamEndsInsideTheHeader(headerBytesBeforeEof: 4)" computerName="PEKA" duration="00:00:00.0022855" startTime="2026-09-08T19:09:10.9267565-07:00" endTime="2026-09-08T19:09:10.9267565-07:00" testType="13cdc9d9-ddb5-4fa4-a97d-d965ccfc6d4b" outcome="Passed" testListId="8c84fa94-04c1-424b-9868-57a2d4851a1d" relativeResultsDirectory="95acba9b-ce7b-4bb7-8cd3-ef89a4ddc05e" />
    <UnitTestResult executionId="c41ba395-974a-48b2-9c5a-ecf5997e75d9" testId="2c203f8b-0238-c023-22d7-93f56b3c3712" testName="SharedMic.Agent.Tests.PairingAndAuthTests.DecodeDoesNotMapConfusableCharacters" computerName="PEKA" duration="00:00:00.0006260" startTime="2026-09-08T19:09:10.9246595-07:00" endTime="2026-09-08T19:09:10.9246596-07:00" testType="13cdc9d9-ddb5-4fa4-a97d-d965ccfc6d4b" outcome="Passed" testListId="8c84fa94-04c1-424b-9868-57a2d4851a1d" relativeResultsDirectory="c41ba395-974a-48b2-9c5a-ecf5997e75d9" />
    <UnitTestResult executionId="68f70b33-9977-4d87-b44a-806cb045e8bd" testId="79d40b80-aab9-f404-5115-3d08324ac6ea" testName="SharedMic.Agent.Tests.MicCaptureServiceTests.SessionPeaksTrackPreMixChannelLevels" computerName="PEKA" duration="00:00:00.0032789" startTime="2026-09-08T19:09:10.9252174-07:00" endTime="2026-09-08T19:09:10.9252175-07:00" testType="13cdc9d9-ddb5-4fa4-a97d-d965ccfc6d4b" outcome="Passed" testListId="8c84fa94-04c1-424b-9868-57a2d4851a1d" relativeResultsDirectory="68f70b33-9977-4d87-b44a-806cb045e8bd" />
    <UnitTestResult executionId="18d911d9-f15d-46a4-a5d4-b3fbb699c4ae" testId="d650336f-b11e-1326-579f-cb0f567a5aa8" testName="SharedMic.Agent.Tests.PrivateAddressTests.IPv4MappedAddressesAreRejected(address: &quot;::ffff:8.8.8.8&quot;)" computerName="PEKA" duration="00:00:00.0000085" startTime="2026-09-08T19:09:10.9153043-07:00" endTime="2026-09-08T19:09:10.9153043-07:00" testType="13cdc9d9-ddb5-4fa4-a97d-d965ccfc6d4b" outcome="Passed" testListId="8c84fa94-04c1-424b-9868-57a2d4851a1d" relativeResultsDirectory="18d911d9-f15d-46a4-a5d4-b3fbb699c4ae" />
    <UnitTestResult executionId="7cb675a7-506a-4349-b621-fd0ab053ea64" testId="e7782c10-f2cc-8c9d-285e-7d4620f48979" testName="SharedMic.Agent.Tests.IdentityTests.PrivateKeyIsNotStoredInPlaintextOnDisk" computerName="PEKA" duration="00:00:00.0477203" startTime="2026-09-08T19:09:11.6121047-07:00" endTime="2026-09-08T19:09:11.6121050-07:00" testType="13cdc9d9-ddb5-4fa4-a97d-d965ccfc6d4b" outcome="Passed" testListId="8c84fa94-04c1-424b-9868-57a2d4851a1d" relativeResultsDirectory="7cb675a7-506a-4349-b621-fd0ab053ea64" />
    <UnitTestResult executionId="412279c2-86cd-4bab-86e4-775817ad7a81" testId="d5d6c0b8-e8da-b782-4bbd-e5fc87ee6a09" testName="SharedMic.Agent.Tests.TrayAppTests.MenuListsTheStatusThePairingStringTheFingerprintAndQuit" computerName="PEKA" duration="00:00:00.0245409" startTime="2026-09-08T19:09:11.3806450-07:00" endTime="2026-09-08T19:09:11.3806459-07:00" testType="13cdc9d9-ddb5-4fa4-a97d-d965ccfc6d4b" outcome="Passed" testListId="8c84fa94-04c1-424b-9868-57a2d4851a1d" relativeResultsDirectory="412279c2-86cd-4bab-86e4-775817ad7a81" />
    <UnitTestResult executionId="aa54207f-8175-4dbe-81b3-be0859e0fc98" testId="2585b0f1-c649-81dd-eae5-43b4733918ea" testName="SharedMic.Agent.Tests.AuthRateLimiterTests.ShortLockoutsAreConfigurableSoIntegrationTestsDoNotWaitThirtySeconds" computerName="PEKA" duration="00:00:00.0003512" startTime="2026-09-08T19:09:10.9084246-07:00" endTime="2026-09-08T19:09:10.9084246-07:00" testType="13cdc9d9-ddb5-4fa4-a97d-d965ccfc6d4b" outcome="Passed" testListId="8c84fa94-04c1-424b-9868-57a2d4851a1d" relativeResultsDirectory="aa54207f-8175-4dbe-81b3-be0859e0fc98" />
    <UnitTestResult executionId="6987c68b-9c31-4eaa-bd6a-03108c565723" testId="7778d943-eadf-00f0-d636-42c59ae53232" testName="SharedMic.Agent.Tests.PrivateAddressTests.PrivateAddressesAreAccepted(address: &quot;172.16.0.1&quot;)" computerName="PEKA" duration="00:00:00.0000032" startTime="2026-09-08T19:09:10.9139048-07:00" endTime="2026-09-08T19:09:10.9139049-07:00" testType="13cdc9d9-ddb5-4fa4-a97d-d965ccfc6d4b" outcome="Passed" testListId="8c84fa94-04c1-424b-9868-57a2d4851a1d" relativeResultsDirectory="6987c68b-9c31-4eaa-bd6a-03108c565723" />
    <UnitTestResult executionId="470eca61-41e9-4d86-a115-2c6c28d4ec04" testId="8255b1a2-f7a5-c6ec-c8d5-8d9dfee76bff" testName="SharedMic.Agent.Tests.GoldenVectorTests.TheVectorFilesHoldTheCaseCountsTheContractPromises" computerName="PEKA" duration="00:00:00.0002035" startTime="2026-09-08T19:09:10.9223365-07:00" endTime="2026-09-08T19:09:10.9223366-07:00" testType="13cdc9d9-ddb5-4fa4-a97d-d965ccfc6d4b" outcome="Passed" testListId="8c84fa94-04c1-424b-9868-57a2d4851a1d" relativeResultsDirectory="470eca61-41e9-4d86-a115-2c6c28d4ec04" />
    <UnitTestResult executionId="10db8e7f-7455-4e3b-aa57-a1ee2656aad6" testId="0070f9f8-afe9-0839-24f7-47c37ddc975f" testName="SharedMic.Agent.Tests.TrayAppTests.NotifyIconTextStaysWithinTheWindowsLimit" computerName="PEKA" duration="00:00:00.0004910" startTime="2026-09-08T19:09:11.3559282-07:00" endTime="2026-09-08T19:09:11.3559285-07:00" testType="13cdc9d9-ddb5-4fa4-a97d-d965ccfc6d4b" outcome="Passed" testListId="8c84fa94-04c1-424b-9868-57a2d4851a1d" relativeResultsDirectory="10db8e7f-7455-4e3b-aa57-a1ee2656aad6" />
    <UnitTestResult executionId="37f30f20-d1c4-4aa7-81a9-a20f7401f325" testId="3065f277-2cf7-b8ad-c279-593cb89e8906" testName="SharedMic.Agent.Tests.GoldenVectorTests.ControlVectorEncodesToExpectedBytes(name: &quot;START_NACK&quot;)" computerName="PEKA" duration="00:00:00.0968866" startTime="2026-09-08T19:09:10.9102483-07:00" endTime="2026-09-08T19:09:10.9102484-07:00" testType="13cdc9d9-ddb5-4fa4-a97d-d965ccfc6d4b" outcome="Passed" testListId="8c84fa94-04c1-424b-9868-57a2d4851a1d" relativeResultsDirectory="37f30f20-d1c4-4aa7-81a9-a20f7401f325" />
    <UnitTestResult executionId="27fb9ca7-d4d7-4163-b040-769e7c4129c5" testId="84003cf6-44cf-a350-01d0-b5bf59d9338d" testName="SharedMic.Agent.Tests.AudioPayloadCodecTests.HeaderIsTwelveBytesAndBigEndian" computerName="PEKA" duration="00:00:00.0002263" startTime="2026-09-08T19:09:10.9231528-07:00" endTime="2026-09-08T19:09:10.9231529-07:00" testType="13cdc9d9-ddb5-4fa4-a97d-d965ccfc6d4b" outcome="Passed" testListId="8c84fa94-04c1-424b-9868-57a2d4851a1d" relativeResultsDirectory="27fb9ca7-d4d7-4163-b040-769e7c4129c5" />
    <UnitTestResult executionId="adacdb59-b065-42a7-9443-09af4ca9800c" testId="0fd77f0e-a0db-9aa7-2125-e0e6ecf939b2" testName="SharedMic.Agent.Tests.PcmNormalizerTests.FloatToS16RoundsHalfUp" computerName="PEKA" duration="00:00:00.0934019" startTime="2026-09-08T19:09:10.9066574-07:00" endTime="2026-09-08T19:09:10.9066575-07:00" testType="13cdc9d9-ddb5-4fa4-a97d-d965ccfc6d4b" outcome="Passed" testListId="8c84fa94-04c1-424b-9868-57a2d4851a1d" relativeResultsDirectory="adacdb59-b065-42a7-9443-09af4ca9800c" />
    <UnitTestResult executionId="356d9aca-e93f-4edf-951f-bd59437a7517" testId="a668631d-8ace-08f5-3f8f-9b21daaf97ba" testName="SharedMic.Agent.Tests.DeviceManagerTests.RefreshWithoutChangeRaisesNoEvent" computerName="PEKA" duration="00:00:00.0002860" startTime="2026-09-08T19:09:10.9145837-07:00" endTime="2026-09-08T19:09:10.9145837-07:00" testType="13cdc9d9-ddb5-4fa4-a97d-d965ccfc6d4b" outcome="Passed" testListId="8c84fa94-04c1-424b-9868-57a2d4851a1d" relativeResultsDirectory="356d9aca-e93f-4edf-951f-bd59437a7517" />
    <UnitTestResult executionId="7e196c0f-8d97-4a30-9763-0dde90055a06" testId="627857da-a3ff-e431-5c39-f40cb11d6ed2" testName="SharedMic.Agent.Tests.GoldenVectorTests.AudioVectorEncodesToExpectedBytes(name: &quot;frame-49&quot;)" computerName="PEKA" duration="00:00:00.0002849" startTime="2026-09-08T19:09:10.9236531-07:00" endTime="2026-09-08T19:09:10.9236531-07:00" testType="13cdc9d9-ddb5-4fa4-a97d-d965ccfc6d4b" outcome="Passed" testListId="8c84fa94-04c1-424b-9868-57a2d4851a1d" relativeResultsDirectory="7e196c0f-8d97-4a30-9763-0dde90055a06" />
    <UnitTestResult executionId="ee01a9af-843d-4e83-b050-95564b45e944" testId="b55a5c26-5617-8caf-f9ab-6c50409e7116" testName="SharedMic.Agent.Tests.ControlConnectionAudioTests.StartStreamsFullFramesWithZeroBasedSequenceAndMonotonicTimestamps" computerName="PEKA" duration="00:00:00.4960647" startTime="2026-09-08T19:09:11.7698078-07:00" endTime="2026-09-08T19:09:11.7698079-07:00" testType="13cdc9d9-ddb5-4fa4-a97d-d965ccfc6d4b" outcome="Passed" testListId="8c84fa94-04c1-424b-9868-57a2d4851a1d" relativeResultsDirectory="ee01a9af-843d-4e83-b050-95564b45e944" />
    <UnitTestResult executionId="a2248e65-610c-4a88-8248-8c2187572377" testId="77199acc-c6e5-f7af-04cb-ca63c946cf53" testName="SharedMic.Agent.Tests.FrameReaderTests.ReadsTwoConcatenatedFramesFromOneBuffer" computerName="PEKA" duration="00:00:00.0011931" startTime="2026-09-08T19:09:10.9337276-07:00" endTime="2026-09-08T19:09:10.9337277-07:00" testType="13cdc9d9-ddb5-4fa4-a97d-d965ccfc6d4b" outcome="Passed" testListId="8c84fa94-04c1-424b-9868-57a2d4851a1d" relativeResultsDirectory="a2248e65-610c-4a88-8248-8c2187572377" />
    <UnitTestResult executionId="b8aa095f-d66b-4801-95e5-8664d21e91e2" testId="c535dcec-4b41-34c0-f349-e7ec2b45b7c3" testName="SharedMic.Agent.Tests.FrameCodecTests.EncodeRejectsAnUnknownFrameType" computerName="PEKA" duration="00:00:00.0007312" startTime="2026-09-08T19:09:10.9085207-07:00" endTime="2026-09-08T19:09:10.9085207-07:00" testType="13cdc9d9-ddb5-4fa4-a97d-d965ccfc6d4b" outcome="Passed" testListId="8c84fa94-04c1-424b-9868-57a2d4851a1d" relativeResultsDirectory="b8aa095f-d66b-4801-95e5-8664d21e91e2" />
    <UnitTestResult executionId="e8bb3cef-f9af-4b47-8e77-758ba48d0b83" testId="e9c7d6f1-d321-a83b-6d96-f1200ac1523d" testName="SharedMic.Agent.Tests.DeviceManagerTests.HotUnplugRaisesPresenceChangedAndRefreshesLabel" computerName="PEKA" duration="00:00:00.0042839" startTime="2026-09-08T19:09:10.9110649-07:00" endTime="2026-09-08T19:09:10.9110650-07:00" testType="13cdc9d9-ddb5-4fa4-a97d-d965ccfc6d4b" outcome="Passed" testListId="8c84fa94-04c1-424b-9868-57a2d4851a1d" relativeResultsDirectory="e8bb3cef-f9af-4b47-8e77-758ba48d0b83" />
    <UnitTestResult executionId="262fccd8-121b-42f9-95c6-f3750a75b430" testId="1ac2cf7f-0ace-7977-7719-4e76d01f63dc" testName="SharedMic.Agent.Tests.FrameReaderTests.ReassemblesAFrameSplitAcrossReads" computerName="PEKA" duration="00:00:00.0025926" startTime="2026-09-08T19:09:10.9289700-07:00" endTime="2026-09-08T19:09:10.9289702-07:00" testType="13cdc9d9-ddb5-4fa4-a97d-d965ccfc6d4b" outcome="Passed" testListId="8c84fa94-04c1-424b-9868-57a2d4851a1d" relativeResultsDirectory="262fccd8-121b-42f9-95c6-f3750a75b430" />
    <UnitTestResult executionId="41ec2a27-6b23-4a7c-a450-fe235c1df7ac" testId="8bb2513b-2777-8668-bdc6-69b5b010afc5" testName="SharedMic.Agent.Tests.TrayAppTests.TreatsAnEmptyDetailAsNoDetail" computerName="PEKA" duration="00:00:00.0000742" startTime="2026-09-08T19:09:11.3560160-07:00" endTime="2026-09-08T19:09:11.3560161-07:00" testType="13cdc9d9-ddb5-4fa4-a97d-d965ccfc6d4b" outcome="Passed" testListId="8c84fa94-04c1-424b-9868-57a2d4851a1d" relativeResultsDirectory="41ec2a27-6b23-4a7c-a450-fe235c1df7ac" />
    <UnitTestResult executionId="70f189af-a589-4e64-a905-31e40aa430af" testId="5cf17052-7ef3-0848-aa2b-1f37da241eb2" testName="SharedMic.Agent.Tests.IdentityTests.ACorruptStoreFileFailsLoudlyRatherThanMintingANewIdentity" computerName="PEKA" duration="00:00:00.0620673" startTime="2026-09-08T19:09:11.4561396-07:00" endTime="2026-09-08T19:09:11.4561404-07:00" testType="13cdc9d9-ddb5-4fa4-a97d-d965ccfc6d4b" outcome="Passed" testListId="8c84fa94-04c1-424b-9868-57a2d4851a1d" relativeResultsDirectory="70f189af-a589-4e64-a905-31e40aa430af" />
    <UnitTestResult executionId="cbaa0558-3989-46e9-bcc6-fea60baa720b" testId="c2ebf8a0-9682-33c8-bad3-73ee54cc51d3" testName="SharedMic.Agent.Tests.SessionStateMachineTests.StartOpensASession" computerName="PEKA" duration="00:00:00.0002037" startTime="2026-09-08T19:09:10.9199844-07:00" endTime="2026-09-08T19:09:10.9199852-07:00" testType="13cdc9d9-ddb5-4fa4-a97d-d965ccfc6d4b" outcome="Passed" testListId="8c84fa94-04c1-424b-9868-57a2d4851a1d" relativeResultsDirectory="cbaa0558-3989-46e9-bcc6-fea60baa720b" />
    <UnitTestResult executionId="fb05a28b-59a0-4e2f-a00e-366cece6d05b" testId="53a714f1-a5cb-8952-c500-391ae87796c3" testName="SharedMic.Agent.Tests.GoldenVectorTests.ControlVectorEncodesToExpectedBytes(name: &quot;PONG&quot;)" computerName="PEKA" duration="00:00:00.0005156" startTime="2026-09-08T19:09:10.9124995-07:00" endTime="2026-09-08T19:09:10.9124996-07:00" testType="13cdc9d9-ddb5-4fa4-a97d-d965ccfc6d4b" outcome="Passed" testListId="8c84fa94-04c1-424b-9868-57a2d4851a1d" relativeResultsDirectory="fb05a28b-59a0-4e2f-a00e-366cece6d05b" />
    <UnitTestResult executionId="ccc0525e-49a9-4c99-9bec-c9e456147e3b" testId="d3b0d7b1-7bdc-a8e4-7e05-d34cc7b301ed" testName="SharedMic.Agent.Tests.PrivateAddressTests.PublicAddressesAreRejected(address: &quot;11.0.0.1&quot;)" computerName="PEKA" duration="00:00:00.0000059" startTime="2026-09-08T19:09:10.9117907-07:00" endTime="2026-09-08T19:09:10.9117907-07:00" testType="13cdc9d9-ddb5-4fa4-a97d-d965ccfc6d4b" outcome="Passed" testListId="8c84fa94-04c1-424b-9868-57a2d4851a1d" relativeResultsDirectory="ccc0525e-49a9-4c99-9bec-c9e456147e3b" />
    <UnitTestResult executionId="7e188a3c-672b-4c1d-ba82-4570e8873378" testId="91a2f051-10d8-bb39-5ef4-52a61c05ac16" testName="SharedMic.Agent.Tests.GoldenVectorTests.ControlVectorDecodesToExpectedMessage(name: &quot;START_ACK&quot;)" computerName="PEKA" duration="00:00:00.0000503" startTime="2026-09-08T19:09:10.9165536-07:00" endTime="2026-09-08T19:09:10.9165536-07:00" testType="13cdc9d9-ddb5-4fa4-a97d-d965ccfc6d4b" outcome="Passed" testListId="8c84fa94-04c1-424b-9868-57a2d4851a1d" relativeResultsDirectory="7e188a3c-672b-4c1d-ba82-4570e8873378" />
    <UnitTestResult executionId="189eb648-b299-48b4-b000-0ef8f2a50698" testId="89e23f8e-8845-cbb9-0e18-d945ac29c346" testName="SharedMic.Agent.Tests.ControlCodecTests.SortsKeysByCodePointNotByCulture" computerName="PEKA" duration="00:00:00.0002160" startTime="2026-09-08T19:09:10.9208734-07:00" endTime="2026-09-08T19:09:10.9208735-07:00" testType="13cdc9d9-ddb5-4fa4-a97d-d965ccfc6d4b" outcome="Passed" testListId="8c84fa94-04c1-424b-9868-57a2d4851a1d" relativeResultsDirectory="189eb648-b299-48b4-b000-0ef8f2a50698" />
    <UnitTestResult executionId="6db53cb2-e29c-44d2-9b29-65b925031202" testId="d34987fb-60a3-3b03-de0e-fecf259fbbf4" testName="SharedMic.Agent.Tests.ControlConnectionAudioTests.DuplicateStartKeepsTheSessionAndDoesNotResetTheSequence" computerName="PEKA" duration="00:00:00.0038746" startTime="2026-09-08T19:09:11.7740501-07:00" endTime="2026-09-08T19:09:11.7740503-07:00" testType="13cdc9d9-ddb5-4fa4-a97d-d965ccfc6d4b" outcome="Passed" testListId="8c84fa94-04c1-424b-9868-57a2d4851a1d" relativeResultsDirectory="6db53cb2-e29c-44d2-9b29-65b925031202" />
    <UnitTestResult executionId="8af8d9ed-867e-4316-b368-b851b3e4b358" testId="ece5cf0e-0f53-a229-746c-0c5445e6f4b0" testName="SharedMic.Agent.Tests.PrivateAddressTests.PublicAddressesAreRejected(address: &quot;192.169.0.1&quot;)" computerName="PEKA" duration="00:00:00.0000030" startTime="2026-09-08T19:09:10.9122508-07:00" endTime="2026-09-08T19:09:10.9122509-07:00" testType="13cdc9d9-ddb5-4fa4-a97d-d965ccfc6d4b" outcome="Passed" testListId="8c84fa94-04c1-424b-9868-57a2d4851a1d" relativeResultsDirectory="8af8d9ed-867e-4316-b368-b851b3e4b358" />
    <UnitTestResult executionId="8be6e46f-7ec0-43bb-a257-8ef6fd7f43f8" testId="e61b1c0e-5fea-bda7-df7f-f274fa26f1b6" testName="SharedMic.Agent.Tests.AuthRateLimiterTests.CounterResetsAfterALockoutSoTheNextFiveFailuresLockAgain" computerName="PEKA" duration="00:00:00.0002374" startTime="2026-09-08T19:09:10.9150405-07:00" endTime="2026-09-08T19:09:10.9150406-07:00" testType="13cdc9d9-ddb5-4fa4-a97d-d965ccfc6d4b" outcome="Passed" testListId="8c84fa94-04c1-424b-9868-57a2d4851a1d" relativeResultsDirectory="8be6e46f-7ec0-43bb-a257-8ef6fd7f43f8" />
    <UnitTestResult executionId="f8a52d00-584f-4d76-a26d-68744f83d3af" testId="77bf3103-d4a3-a204-1fe8-75f675c25b54" testName="SharedMic.Agent.Tests.GoldenVectorTests.ControlVectorEncodesToExpectedBytes(name: &quot;PING&quot;)" computerName="PEKA" duration="00:00:00.0000809" startTime="2026-09-08T19:09:10.9131776-07:00" endTime="2026-09-08T19:09:10.9131776-07:00" testType="13cdc9d9-ddb5-4fa4-a97d-d965ccfc6d4b" outcome="Passed" testListId="8c84fa94-04c1-424b-9868-57a2d4851a1d" relativeResultsDirectory="f8a52d00-584f-4d76-a26d-68744f83d3af" />
    <UnitTestResult executionId="adf21ebb-f558-4dfd-92b2-e725ab94eeaa" testId="1c975632-9f7f-362b-4214-efa9df55acab" testName="SharedMic.Agent.Tests.GoldenVectorTests.ControlVectorEncodesToExpectedBytes(name: &quot;START_ACK&quot;)" computerName="PEKA" duration="00:00:00.0004325" startTime="2026-09-08T19:09:10.9145899-07:00" endTime="2026-09-08T19:09:10.9145899-07:00" testType="13cdc9d9-ddb5-4fa4-a97d-d965ccfc6d4b" outcome="Passed" testListId="8c84fa94-04c1-424b-9868-57a2d4851a1d" relativeResultsDirectory="adf21ebb-f558-4dfd-92b2-e725ab94eeaa" />
    <UnitTestResult executionId="41682eb9-9145-4e87-806d-3f1b363ce289" testId="fea14467-12b1-010d-d118-e330b44a3200" testName="SharedMic.Agent.Tests.AuthRateLimiterTests.SuccessClearsTheConsecutiveCount" computerName="PEKA" duration="00:00:00.0935188" startTime="2026-09-08T19:09:10.9068441-07:00" endTime="2026-09-08T19:09:10.9068441-07:00" testType="13cdc9d9-ddb5-4fa4-a97d-d965ccfc6d4b" outcome="Passed" testListId="8c84fa94-04c1-424b-9868-57a2d4851a1d" relativeResultsDirectory="41682eb9-9145-4e87-806d-3f1b363ce289" />
    <UnitTestResult executionId="c8499031-7326-4afd-86b3-886bcdb6f0c9" testId="5f5bedbb-c4a6-48ff-8917-105601e739da" testName="SharedMic.Agent.Tests.MicCaptureServiceTests.SequenceResetsToZeroOnANewSession" computerName="PEKA" duration="00:00:00.0079566" startTime="2026-09-08T19:09:10.9231992-07:00" endTime="2026-09-08T19:09:10.9231993-07:00" testType="13cdc9d9-ddb5-4fa4-a97d-d965ccfc6d4b" outcome="Passed" testListId="8c84fa94-04c1-424b-9868-57a2d4851a1d" relativeResultsDirectory="c8499031-7326-4afd-86b3-886bcdb6f0c9" />
    <UnitTestResult executionId="ca92a9f3-c214-4caf-875a-692341ba336e" testId="c7d9ac4a-1e51-7d57-5851-c006a1cce916" testName="SharedMic.Agent.Tests.PairingAndAuthTests.TokenIs256Bits" computerName="PEKA" duration="00:00:00.0001032" startTime="2026-09-08T19:09:10.9247042-07:00" endTime="2026-09-08T19:09:10.9247042-07:00" testType="13cdc9d9-ddb5-4fa4-a97d-d965ccfc6d4b" outcome="Passed" testListId="8c84fa94-04c1-424b-9868-57a2d4851a1d" relativeResultsDirectory="ca92a9f3-c214-4caf-875a-692341ba336e" />
    <UnitTestResult executionId="9f8700ee-4ccc-4ca5-8f6d-cc310a71bb5e" testId="8fd1480b-2b29-6f4a-2a5d-c5dabeb947a7" testName="SharedMic.Agent.Tests.FrameCodecTests.ReportsConsumedSoAStreamCanHoldTwoFrames" computerName="PEKA" duration="00:00:00.0017443" startTime="2026-09-08T19:09:10.9102917-07:00" endTime="2026-09-08T19:09:10.9102918-07:00" testType="13cdc9d9-ddb5-4fa4-a97d-d965ccfc6d4b" outcome="Passed" testListId="8c84fa94-04c1-424b-9868-57a2d4851a1d" relativeResultsDirectory="9f8700ee-4ccc-4ca5-8f6d-cc310a71bb5e" />
    <UnitTestResult executionId="d6d8e6ee-a4b4-4178-8444-d289f632ba50" testId="25fe5fb2-b4b8-fba6-6bef-b077510585b7" testName="SharedMic.Agent.Tests.ControlCodecTests.ValidatesOnEncodeTooSoAHarnessBugIsLoud" computerName="PEKA" duration="00:00:00.0003052" startTime="2026-09-08T19:09:10.9244570-07:00" endTime="2026-09-08T19:09:10.9244571-07:00" testType="13cdc9d9-ddb5-4fa4-a97d-d965ccfc6d4b" outcome="Passed" testListId="8c84fa94-04c1-424b-9868-57a2d4851a1d" relativeResultsDirectory="d6d8e6ee-a4b4-4178-8444-d289f632ba50" />
    <UnitTestResult executionId="cde4d726-afed-48e9-94ca-9e3815368f55" testId="266c1137-53ab-7e54-0d63-eed5da531047" testName="SharedMic.Agent.Tests.FrameReaderTests.ThrowsWhenTheStreamEndsInsideTheHeader(headerBytesBeforeEof: 2)" computerName="PEKA" duration="00:00:00.0003225" startTime="2026-09-08T19:09:10.9268020-07:00" endTime="2026-09-08T19:09:10.9268021-07:00" testType="13cdc9d9-ddb5-4fa4-a97d-d965ccfc6d4b" outcome="Passed" testListId="8c84fa94-04c1-424b-9868-57a2d4851a1d" relativeResultsDirectory="cde4d726-afed-48e9-94ca-9e3815368f55" />
    <UnitTestResult executionId="98419150-6af3-421f-80ca-dd4d1b6b4d83" testId="1f3a7b21-6baa-5ccf-74b2-0469316ad4e7" testName="SharedMic.Agent.Tests.ControlConnectionTests.PingBeforeAuthenticationClosesTheConnection" computerName="PEKA" duration="00:00:00.0024310" startTime="2026-09-08T19:09:20.3671575-07:00" endTime="2026-09-08T19:09:20.3671576-07:00" testType="13cdc9d9-ddb5-4fa4-a97d-d965ccfc6d4b" outcome="Passed" testListId="8c84fa94-04c1-424b-9868-57a2d4851a1d" relativeResultsDirectory="98419150-6af3-421f-80ca-dd4d1b6b4d83" />
    <UnitTestResult executionId="0f63fce6-e714-4eb3-add9-e47ce9cc5ee6" testId="722ca6cc-5b08-576f-1d4b-ed7f8ce826e4" testName="SharedMic.Agent.Tests.FrameReaderTests.ReassemblesAFrameWhoseHeaderIsSplitAcrossReads(headerSplitOffset: 1)" computerName="PEKA" duration="00:00:00.0005006" startTime="2026-09-08T19:09:10.9258725-07:00" endTime="2026-09-08T19:09:10.9258726-07:00" testType="13cdc9d9-ddb5-4fa4-a97d-d965ccfc6d4b" outcome="Passed" testListId="8c84fa94-04c1-424b-9868-57a2d4851a1d" relativeResultsDirectory="0f63fce6-e714-4eb3-add9-e47ce9cc5ee6" />
    <UnitTestResult executionId="07397a7a-ee21-42fa-8a05-04269d7cc715" testId="d80c6257-1e81-fd75-6b30-528f3ad7f7d3" testName="SharedMic.Agent.Tests.FrameCodecTests.ReturnsFalseWhenPayloadIsIncomplete" computerName="PEKA" duration="00:00:00.0001892" startTime="2026-09-08T19:09:10.9109292-07:00" endTime="2026-09-08T19:09:10.9109292-07:00" testType="13cdc9d9-ddb5-4fa4-a97d-d965ccfc6d4b" outcome="Passed" testListId="8c84fa94-04c1-424b-9868-57a2d4851a1d" relativeResultsDirectory="07397a7a-ee21-42fa-8a05-04269d7cc715" />
    <UnitTestResult executionId="75af1c21-283a-4580-9f30-4794b5e6dce6" testId="39d350e1-5612-7b7a-bcad-4dd9b30d1ec9" testName="SharedMic.Agent.Tests.FrameCodecTests.RoundTripsAControlFrame" computerName="PEKA" duration="00:00:00.0038996" startTime="2026-09-08T19:09:10.9158334-07:00" endTime="2026-09-08T19:09:10.9158335-07:00" testType="13cdc9d9-ddb5-4fa4-a97d-d965ccfc6d4b" outcome="Passed" testListId="8c84fa94-04c1-424b-9868-57a2d4851a1d" relativeResultsDirectory="75af1c21-283a-4580-9f30-4794b5e6dce6" />
    <UnitTestResult executionId="c6ca7dcb-6271-4774-b132-e170fbc50434" testId="7b6ab115-0c69-cf7b-046e-0858fa8d7882" testName="SharedMic.Agent.Tests.PrivateAddressTests.WildcardAddressesAreRejected(address: &quot;0.0.0.0&quot;)" computerName="PEKA" duration="00:00:00.0001689" startTime="2026-09-08T19:09:10.9157395-07:00" endTime="2026-09-08T19:09:10.9157396-07:00" testType="13cdc9d9-ddb5-4fa4-a97d-d965ccfc6d4b" outcome="Passed" testListId="8c84fa94-04c1-424b-9868-57a2d4851a1d" relativeResultsDirectory="c6ca7dcb-6271-4774-b132-e170fbc50434" />
    <UnitTestResult executionId="561f1fb2-e819-45a7-9c89-752051843510" testId="c1e9a569-cc04-9892-a83f-c530c114d752" testName="SharedMic.Agent.Tests.PairingAndAuthTests.ProofIsLowercaseHexOfSixtyFourCharacters" computerName="PEKA" duration="00:00:00.0001354" startTime="2026-09-08T19:09:10.9202194-07:00" endTime="2026-09-08T19:09:10.9202194-07:00" testType="13cdc9d9-ddb5-4fa4-a97d-d965ccfc6d4b" outcome="Passed" testListId="8c84fa94-04c1-424b-9868-57a2d4851a1d" relativeResultsDirectory="561f1fb2-e819-45a7-9c89-752051843510" />
    <UnitTestResult executionId="0b72ec9e-073e-45a4-be2f-17026fc0cf10" testId="984a2b0d-850e-33f3-6d59-0d565d742f08" testName="SharedMic.Agent.Tests.SessionStateMachineTests.StartIsRejectedWithMicUnavailableWhenTheMicIsAbsent" computerName="PEKA" duration="00:00:00.0001304" startTime="2026-09-08T19:09:10.9206621-07:00" endTime="2026-09-08T19:09:10.9206622-07:00" testType="13cdc9d9-ddb5-4fa4-a97d-d965ccfc6d4b" outcome="Passed" testListId="8c84fa94-04c1-424b-9868-57a2d4851a1d" relativeResultsDirectory="0b72ec9e-073e-45a4-be2f-17026fc0cf10" />
    <UnitTestResult executionId="8ce1d628-c2d7-4084-b8d0-3c7e68199eea" testId="e8c1a08f-915a-3364-e693-4d025667a612" testName="SharedMic.Agent.Tests.PrioritySendQueueTests.DefaultAudioCapacityIsTwentyFiveFrames" computerName="PEKA" duration="00:00:00.0001893" startTime="2026-09-08T19:09:10.9308071-07:00" endTime="2026-09-08T19:09:10.9308072-07:00" testType="13cdc9d9-ddb5-4fa4-a97d-d965ccfc6d4b" outcome="Passed" testListId="8c84fa94-04c1-424b-9868-57a2d4851a1d" relativeResultsDirectory="8ce1d628-c2d7-4084-b8d0-3c7e68199eea" />
    <UnitTestResult executionId="4f91ce4d-83f0-4e19-a5d9-eceb9064c5c9" testId="0e26c65c-79e7-d927-4085-323c2c8bb713" testName="SharedMic.Agent.Tests.PairingAndAuthTests.ProofIsComputedOverRawNonceBytesNotTheHexString" computerName="PEKA" duration="00:00:00.0027575" startTime="2026-09-08T19:09:10.9201015-07:00" endTime="2026-09-08T19:09:10.9201016-07:00" testType="13cdc9d9-ddb5-4fa4-a97d-d965ccfc6d4b" outcome="Passed" testListId="8c84fa94-04c1-424b-9868-57a2d4851a1d" relativeResultsDirectory="4f91ce4d-83f0-4e19-a5d9-eceb9064c5c9" />
    <UnitTestResult executionId="3d075d3d-e66e-4d7b-811d-8244feaa4457" testId="cab99f31-9638-aa1b-70d8-706af1fd23bf" testName="SharedMic.Agent.Tests.GoldenVectorTests.ControlVectorEncodesToExpectedBytes(name: &quot;HELLO_ACK&quot;)" computerName="PEKA" duration="00:00:00.0000981" startTime="2026-09-08T19:09:10.9104299-07:00" endTime="2026-09-08T19:09:10.9104300-07:00" testType="13cdc9d9-ddb5-4fa4-a97d-d965ccfc6d4b" outcome="Passed" testListId="8c84fa94-04c1-424b-9868-57a2d4851a1d" relativeResultsDirectory="3d075d3d-e66e-4d7b-811d-8244feaa4457" />
    <UnitTestResult executionId="f9c27fde-97f9-44b0-8ba8-6ddccaff670d" testId="5a99006f-5fc3-0ee1-c9a6-554f17692896" testName="SharedMic.Agent.Tests.GoldenVectorTests.ControlVectorEncodesToExpectedBytes(name: &quot;HELLO&quot;)" computerName="PEKA" duration="00:00:00.0000708" startTime="2026-09-08T19:09:10.9103708-07:00" endTime="2026-09-08T19:09:10.9103709-07:00" testType="13cdc9d9-ddb5-4fa4-a97d-d965ccfc6d4b" outcome="Passed" testListId="8c84fa94-04c1-424b-9868-57a2d4851a1d" relativeResultsDirectory="f9c27fde-97f9-44b0-8ba8-6ddccaff670d" />
    <UnitTestResult executionId="0b17384d-21aa-4ed6-b11b-9c060ad1388f" testId="ccff71d2-b50f-8c21-adb1-beb6b0b59784" testName="SharedMic.Agent.Tests.IdentityTests.CertificateMatchesTheRequiredProfile" computerName="PEKA" duration="00:00:00.0292637" startTime="2026-09-08T19:09:11.7647456-07:00" endTime="2026-09-08T19:09:11.7647460-07:00" testType="13cdc9d9-ddb5-4fa4-a97d-d965ccfc6d4b" outcome="Passed" testListId="8c84fa94-04c1-424b-9868-57a2d4851a1d" relativeResultsDirectory="0b17384d-21aa-4ed6-b11b-9c060ad1388f" />
    <UnitTestResult executionId="00d1d94e-8f3c-40a4-a45f-06d4ed4fc766" testId="5c76b678-1628-b9c9-d606-e156160c75d6" testName="SharedMic.Agent.Tests.AudioPayloadCodecTests.RoundTripsAFullFrame" computerName="PEKA" duration="00:00:00.0042348" startTime="2026-09-08T19:09:10.9207972-07:00" endTime="2026-09-08T19:09:10.9207973-07:00" testType="13cdc9d9-ddb5-4fa4-a97d-d965ccfc6d4b" outcome="Passed" testListId="8c84fa94-04c1-424b-9868-57a2d4851a1d" relativeResultsDirectory="00d1d94e-8f3c-40a4-a45f-06d4ed4fc766" />
    <UnitTestResult executionId="484d2070-8981-4a03-bb3e-aa9053568bd9" testId="cb78b09e-ed49-7d82-1284-0cc69de84eff" testName="SharedMic.Agent.Tests.GoldenVectorTests.AudioVectorDecodesToExpectedFrame(name: &quot;frame-49&quot;)" computerName="PEKA" duration="00:00:00.0003470" startTime="2026-09-08T19:09:10.9209200-07:00" endTime="2026-09-08T19:09:10.9209201-07:00" testType="13cdc9d9-ddb5-4fa4-a97d-d965ccfc6d4b" outcome="Passed" testListId="8c84fa94-04c1-424b-9868-57a2d4851a1d" relativeResultsDirectory="484d2070-8981-4a03-bb3e-aa9053568bd9" />
    <UnitTestResult executionId="38038b5e-5cff-43d2-8110-ed8a7ce6d126" testId="38522665-950d-7c3a-0ae4-1d029290faec" testName="SharedMic.Agent.Tests.IdentityTests.DistinctCertificatesHaveDistinctFingerprints" computerName="PEKA" duration="00:00:00.0584605" startTime="2026-09-08T19:09:11.5642164-07:00" endTime="2026-09-08T19:09:11.5642176-07:00" testType="13cdc9d9-ddb5-4fa4-a97d-d965ccfc6d4b" outcome="Passed" testListId="8c84fa94-04c1-424b-9868-57a2d4851a1d" relativeResultsDirectory="38038b5e-5cff-43d2-8110-ed8a7ce6d126" />
    <UnitTestResult executionId="24536a78-dc0e-4af9-9932-8c0c3f9d25f2" testId="be53ab90-09e3-cd52-73b2-7aaee162661e" testName="SharedMic.Agent.Tests.ControlCodecTests.EveryFactoryProducesAMessageTheCodecAccepts" computerName="PEKA" duration="00:00:00.0016578" startTime="2026-09-08T19:09:10.9220303-07:00" endTime="2026-09-08T19:09:10.9220304-07:00" testType="13cdc9d9-ddb5-4fa4-a97d-d965ccfc6d4b" outcome="Passed" testListId="8c84fa94-04c1-424b-9868-57a2d4851a1d" relativeResultsDirectory="24536a78-dc0e-4af9-9932-8c0c3f9d25f2" />
    <UnitTestResult executionId="a6fb8180-4c67-4c65-9005-3c899ac10916" testId="d3c86fcd-c8fc-58d0-46f9-da344ab6c1c9" testName="SharedMic.Agent.Tests.AudioPayloadCodecTests.EncodeRefusesAShortPcmBuffer" computerName="PEKA" duration="00:00:00.0003201" startTime="2026-09-08T19:09:10.9213334-07:00" endTime="2026-09-08T19:09:10.9213334-07:00" testType="13cdc9d9-ddb5-4fa4-a97d-d965ccfc6d4b" outcome="Passed" testListId="8c84fa94-04c1-424b-9868-57a2d4851a1d" relativeResultsDirectory="a6fb8180-4c67-4c65-9005-3c899ac10916" />
    <UnitTestResult executionId="94c264a9-4271-4515-be42-34aee8c90659" testId="92e71902-ca26-b6af-7663-46b1b1852e70" testName="SharedMic.Agent.Tests.GoldenVectorTests.ControlVectorComparisonCatchesASingleFlippedByte" computerName="PEKA" duration="00:00:00.0026268" startTime="2026-09-08T19:09:10.9221225-07:00" endTime="2026-09-08T19:09:10.9221226-07:00" testType="13cdc9d9-ddb5-4fa4-a97d-d965ccfc6d4b" outcome="Passed" testListId="8c84fa94-04c1-424b-9868-57a2d4851a1d" relativeResultsDirectory="94c264a9-4271-4515-be42-34aee8c90659" />
    <UnitTestResult executionId="3cc574af-4adc-4cc4-85bb-c164c5b7430d" testId="33667fab-e830-17cf-fbe5-22acd4085269" testName="SharedMic.Agent.Tests.IdentityTests.CertificateCarriesASubjectAlternativeNameMatchingTheCommonName" computerName="PEKA" duration="00:00:00.1998328" startTime="2026-09-08T19:09:10.9865031-07:00" endTime="2026-09-08T19:09:10.9865034-07:00" testType="13cdc9d9-ddb5-4fa4-a97d-d965ccfc6d4b" outcome="Passed" testListId="8c84fa94-04c1-424b-9868-57a2d4851a1d" relativeResultsDirectory="3cc574af-4adc-4cc4-85bb-c164c5b7430d" />
    <UnitTestResult executionId="20e4695e-592b-4007-a7d7-c910f0c93a74" testId="c61bd1d7-31af-0123-0522-2b3ce0f725a8" testName="SharedMic.Agent.Tests.AuthRateLimiterTests.FailuresWhileLockedOutAreNotCountedAndDoNotExtendTheLockout" computerName="PEKA" duration="00:00:00.0003114" startTime="2026-09-08T19:09:10.9151569-07:00" endTime="2026-09-08T19:09:10.9151569-07:00" testType="13cdc9d9-ddb5-4fa4-a97d-d965ccfc6d4b" outcome="Passed" testListId="8c84fa94-04c1-424b-9868-57a2d4851a1d" relativeResultsDirectory="20e4695e-592b-4007-a7d7-c910f0c93a74" />
[...]
    <TestEntry testId="c0abd2e0-a182-a8bc-05f4-73005cc20281" executionId="9f97a2ae-5c6a-4a67-bb66-9046ea6a879b" testListId="8c84fa94-04c1-424b-9868-57a2d4851a1d" />
    <TestEntry testId="11c7817f-29a1-c6da-ce91-bb364c9dc5c6" executionId="2098b3bf-8ef6-4079-beac-a9c4a32084f5" testListId="8c84fa94-04c1-424b-9868-57a2d4851a1d" />
    <TestEntry testId="be644716-50f5-de2b-6b4d-5a33d791168f" executionId="882e94d4-2df7-41da-ad4a-6f7ff73ded6b" testListId="8c84fa94-04c1-424b-9868-57a2d4851a1d" />
    <TestEntry testId="cd9532c4-1f32-7953-440e-b8fffb8d1ac6" executionId="df4a39af-42f4-44bd-8daa-6c39f11ae1a6" testListId="8c84fa94-04c1-424b-9868-57a2d4851a1d" />
    <TestEntry testId="be75636e-42b6-dd7d-a5fb-8c22af79dd61" executionId="8a105058-1e97-483c-baa0-d2fbd63c528c" testListId="8c84fa94-04c1-424b-9868-57a2d4851a1d" />
    <TestEntry testId="23cd8247-8b5d-66cc-e0f1-021960490712" executionId="3a322aac-4a6a-40ee-ba6a-e34c20100230" testListId="8c84fa94-04c1-424b-9868-57a2d4851a1d" />
    <TestEntry testId="6f78dcb9-bf96-00b2-5250-f8076313ec63" executionId="6925c635-35d5-47da-9646-1c86073e10cb" testListId="8c84fa94-04c1-424b-9868-57a2d4851a1d" />
    <TestEntry testId="353b9905-1ccc-dcec-682d-dcc509b576f4" executionId="718bca69-8ff1-4133-97d8-e627ceb498d4" testListId="8c84fa94-04c1-424b-9868-57a2d4851a1d" />
    <TestEntry testId="c227ecfa-c889-d67f-6dd9-10d4de84701f" executionId="31d14485-553e-4250-b9a2-214c4f37da52" testListId="8c84fa94-04c1-424b-9868-57a2d4851a1d" />
    <TestEntry testId="940b84c0-efd2-353f-3a87-9145add822b3" executionId="730fc961-8a6b-4d4d-841f-4c954c54feaf" testListId="8c84fa94-04c1-424b-9868-57a2d4851a1d" />
    <TestEntry testId="7b0a18a5-5c30-7b42-65e7-ed06caa1e654" executionId="05dd3a62-91c1-47e8-8094-e2920f039778" testListId="8c84fa94-04c1-424b-9868-57a2d4851a1d" />
    <TestEntry testId="184a3e58-2e15-36cd-5223-220efde71980" executionId="07dfe332-89ec-4d50-8c5a-97576880e752" testListId="8c84fa94-04c1-424b-9868-57a2d4851a1d" />
    <TestEntry testId="607e2633-9baa-2c69-bcc6-80d3579a6158" executionId="884009e4-7333-41a4-82dc-eb832567d3a1" testListId="8c84fa94-04c1-424b-9868-57a2d4851a1d" />
    <TestEntry testId="b6fd1b10-cf9a-f6af-16a7-28b15ae9f48d" executionId="b949e2fb-0492-4a75-9153-4fed1eb80176" testListId="8c84fa94-04c1-424b-9868-57a2d4851a1d" />
    <TestEntry testId="e4161f85-c34f-8424-12f5-2f9ffbe72316" executionId="baf65a76-9863-4469-91dc-9002403225f6" testListId="8c84fa94-04c1-424b-9868-57a2d4851a1d" />
    <TestEntry testId="ee60114f-70a1-8667-e513-b151db56b100" executionId="1d614d7e-804c-4700-8b0d-96c1a2987453" testListId="8c84fa94-04c1-424b-9868-57a2d4851a1d" />
    <TestEntry testId="497a9b8e-4bcc-6d4d-8501-f33f5af15505" executionId="5edc82d7-8670-4dac-af34-6320eefa6ac8" testListId="8c84fa94-04c1-424b-9868-57a2d4851a1d" />
    <TestEntry testId="9b0d620d-157b-9cea-4e53-f0e7bb1abced" executionId="75a6b101-f913-420b-b054-e38c6984d485" testListId="8c84fa94-04c1-424b-9868-57a2d4851a1d" />
    <TestEntry testId="89fc82f2-2a65-fc50-d440-d3113f00adc4" executionId="af8cbd4e-18de-4d2e-aea0-6597e2a6f302" testListId="8c84fa94-04c1-424b-9868-57a2d4851a1d" />
    <TestEntry testId="7765d017-6d09-6240-6a29-e495b743577b" executionId="8c07be6f-1d49-4d5f-b7e0-3021e7a54818" testListId="8c84fa94-04c1-424b-9868-57a2d4851a1d" />
    <TestEntry testId="d2ab1757-e65d-c622-a2d7-1b75582f07da" executionId="b03ea54c-1e3b-4cf4-99d1-96cc3b7aba35" testListId="8c84fa94-04c1-424b-9868-57a2d4851a1d" />
    <TestEntry testId="5b93ae23-aa28-a6db-9a76-6cd9ffa26ec2" executionId="a93e1d52-7540-4cd0-8964-c6347102d681" testListId="8c84fa94-04c1-424b-9868-57a2d4851a1d" />
    <TestEntry testId="9b28b097-7638-f711-693d-5cd69b96ced0" executionId="c7448fdb-1b1e-436d-9f85-c37f96cf475b" testListId="8c84fa94-04c1-424b-9868-57a2d4851a1d" />
    <TestEntry testId="0f3ac974-8d11-ea06-1624-ae6bbb8c721c" executionId="fdce6010-0eb3-4ba5-a5a4-ea66509de1a1" testListId="8c84fa94-04c1-424b-9868-57a2d4851a1d" />
    <TestEntry testId="056a319a-e95d-ee43-5f31-fc9083c69149" executionId="65eadf1d-2ef5-44b9-99f4-05b4ec63f6da" testListId="8c84fa94-04c1-424b-9868-57a2d4851a1d" />
    <TestEntry testId="832781e0-bc9f-356c-90b4-77cf65227266" executionId="61395612-3b38-4526-88a6-9a2d247469fe" testListId="8c84fa94-04c1-424b-9868-57a2d4851a1d" />
    <TestEntry testId="ec3ccdce-f29f-973f-440a-2931d64ee870" executionId="ec6c7c02-430d-44a8-a557-6aa5ae1c82a1" testListId="8c84fa94-04c1-424b-9868-57a2d4851a1d" />
    <TestEntry testId="bd7c2a8e-250d-9c42-9011-b47bba0d72c3" executionId="6bc89d69-34a0-46c5-9df0-77a21a07f526" testListId="8c84fa94-04c1-424b-9868-57a2d4851a1d" />
    <TestEntry testId="4fd0df23-d077-41c6-2a5f-e08e0755d874" executionId="b9cef8e4-d68b-424c-8149-3d1882dffb2f" testListId="8c84fa94-04c1-424b-9868-57a2d4851a1d" />
    <TestEntry testId="87ca1d34-7753-b6cb-affc-d1cf1f7b3b06" executionId="a05473bf-9a9d-458d-a549-e17f75fa81de" testListId="8c84fa94-04c1-424b-9868-57a2d4851a1d" />
    <TestEntry testId="9e066681-c1f7-01f7-6741-aed144ed3cb8" executionId="453cbefa-9d10-403c-848e-9e56d9c19565" testListId="8c84fa94-04c1-424b-9868-57a2d4851a1d" />
    <TestEntry testId="755af6ca-21ea-f11a-4ca6-0be7d5eb577c" executionId="f3bff4a1-835f-445e-837b-9ae7a07f1fc4" testListId="8c84fa94-04c1-424b-9868-57a2d4851a1d" />
    <TestEntry testId="f28940ba-adcb-d7e8-b3a8-c38f7789b885" executionId="43308fd6-ab38-448f-b9e6-09b6f5876e3e" testListId="8c84fa94-04c1-424b-9868-57a2d4851a1d" />
    <TestEntry testId="3eb8199b-d1a2-d44d-f0da-3a1491439afe" executionId="14e16bf4-d099-4274-ad92-4a201c89f978" testListId="8c84fa94-04c1-424b-9868-57a2d4851a1d" />
    <TestEntry testId="efe74314-f71c-12be-29a0-b82bfd892b2c" executionId="f9ca0301-e6ee-4fcd-9009-ea931c80648b" testListId="8c84fa94-04c1-424b-9868-57a2d4851a1d" />
    <TestEntry testId="fa83bfdd-e809-63cb-686e-ef667efecd72" executionId="556bb6dc-1075-4021-8bbe-0292925c4c33" testListId="8c84fa94-04c1-424b-9868-57a2d4851a1d" />
    <TestEntry testId="aa1ba35b-a7e2-e171-1333-895a907b6f89" executionId="53133cf9-30d6-4cfd-9c9b-9eea0466a671" testListId="8c84fa94-04c1-424b-9868-57a2d4851a1d" />
    <TestEntry testId="db43367c-ac86-1847-4eba-b41d4d506a1c" executionId="72feea34-8d0c-4814-ab2f-3b613decda4d" testListId="8c84fa94-04c1-424b-9868-57a2d4851a1d" />
  </TestEntries>
  <TestLists>
    <TestList name="Results Not in a List" id="8c84fa94-04c1-424b-9868-57a2d4851a1d" />
    <TestList name="All Loaded Results" id="19431567-8539-422a-85d7-44ee4e166bda" />
  </TestLists>
  <ResultSummary outcome="Completed">
    <Counters total="274" executed="274" passed="274" failed="0" error="0" timeout="0" aborted="0" inconclusive="0" passedButRunAborted="0" notRunnable="0" notExecuted="0" disconnected="0" warning="0" completed="0" inProgress="0" pending="0" />
    <Output>
      <StdOut>[xUnit.net 00:00:00.00] xUnit.net VSTest Adapter v2.8.2+699d445a1a (64-bit .NET 10.0.11)&#xD;
[xUnit.net 00:00:00.51]   Discovering: SharedMic.Agent.Tests&#xD;
[xUnit.net 00:00:00.60]   Discovered:  SharedMic.Agent.Tests&#xD;
[xUnit.net 00:00:00.60]   Starting:    SharedMic.Agent.Tests&#xD;
2026-09-09T02:09:11.006Z INFO  listening on 127.0.0.1:57079 (private interfaces only)&#xD;
2026-09-09T02:09:11.022Z INFO  connection from 127.0.0.1:57080&#xD;
2026-09-09T02:09:11.022Z INFO  loopback closed the connection&#xD;
2026-09-09T02:09:11.024Z INFO  authenticated client 'mock-mac' from loopback&#xD;
2026-09-09T02:09:11.031Z ERROR the data directory ':TEMPsharedmic-check4' cannot be used (IOException: The filename, directory name, or volume label syntax is incorrect. : 'C:\Users\nortu\.t3\worktrees\shared-mic\t3code-296a625c\windows\SharedMic.Agent.Tests\bin\Release\net10.0-windows\:TEMPsharedmic-check4'.)&#xD;
2026-09-09T02:09:11.031Z ERROR the stored identity was NOT read and NOT changed. This is a bad --data-dir value, not a damaged identity - do not delete anything.&#xD;
2026-09-09T02:09:11.031Z ERROR check the path exists, is writable, and was not mangled by the shell. --data-dir $env:TEMP\sharedmic is PowerShell syntax; in bash $env does not expand and it collapses to the literal ':TEMPsharedmic'. In bash use a literal path or "$LOCALAPPDATA/Temp/sharedmic". Omit --data-dir to use the default.&#xD;
2026-09-09T02:09:11.032Z ERROR the data directory '' cannot be used (ArgumentException: The value cannot be an empty string. (Parameter 'path'))&#xD;
2026-09-09T02:09:11.032Z ERROR the stored identity was NOT read and NOT changed. This is a bad --data-dir value, not a damaged identity - do not delete anything.&#xD;
2026-09-09T02:09:11.032Z ERROR check the path exists, is writable, and was not mangled by the shell. --data-dir $env:TEMP\sharedmic is PowerShell syntax; in bash $env does not expand and it collapses to the literal ':TEMPsharedmic'. In bash use a literal path or "$LOCALAPPDATA/Temp/sharedmic". Omit --data-dir to use the default.&#xD;
2026-09-09T02:09:11.033Z ERROR the data directory 'bad|name' cannot be used (IOException: The filename, directory name, or volume label syntax is incorrect. : 'C:\Users\nortu\.t3\worktrees\shared-mic\t3code-296a625c\windows\SharedMic.Agent.Tests\bin\Release\net10.0-windows\bad|name'.)&#xD;
2026-09-09T02:09:11.033Z ERROR the stored identity was NOT read and NOT changed. This is a bad --data-dir value, not a damaged identity - do not delete anything.&#xD;
2026-09-09T02:09:11.033Z ERROR check the path exists, is writable, and was not mangled by the shell. --data-dir $env:TEMP\sharedmic is PowerShell syntax; in bash $env does not expand and it collapses to the literal ':TEMPsharedmic'. In bash use a literal path or "$LOCALAPPDATA/Temp/sharedmic". Omit --data-dir to use the default.&#xD;
2026-09-09T02:09:11.034Z INFO  authenticated client 'mock-mac' from loopback&#xD;
2026-09-09T02:09:11.036Z INFO  session sess-c5c4445fe3cf8ea8 started&#xD;
2026-09-09T02:09:11.044Z INFO  session sess-c5c4445fe3cf8ea8 ended; discarded 0 queued audio frames (channel peaks L=0.000 R=0.000)&#xD;
2026-09-09T02:09:11.067Z INFO  TLS handshake with 127.0.0.1:57080 negotiated Tls13&#xD;
2026-09-09T02:09:11.071Z INFO  authenticated client 'mock-mac' from 127.0.0.1:57080&#xD;
2026-09-09T02:09:11.072Z INFO  session sess-ccc0978667edb21b started&#xD;
2026-09-09T02:09:11.080Z INFO  connection from 127.0.0.1:57080 closed&#xD;
2026-09-09T02:09:11.113Z ERROR the stored identity at C:\Users\nortu\AppData\Local\Temp\sharedmic-startup-987be57926604b06b47a9585e2ae4785\identity.dpapi could not be read (CryptographicException: The data is invalid.)&#xD;
2026-09-09T02:09:11.113Z ERROR this usually means the file was created under a different Windows user profile, or the account's password was reset by an administrator without the old password, or the file is damaged. It cannot be recovered.&#xD;
2026-09-09T02:09:11.113Z ERROR to re-pair: quit the agent, delete C:\Users\nortu\AppData\Local\Temp\sharedmic-startup-987be57926604b06b47a9585e2ae4785\identity.dpapi, then start the agent again. It will mint a NEW identity and print a NEW pairing string, and the Mac must be paired again because its pinned certificate fingerprint will no longer match.&#xD;
2026-09-09T02:09:11.116Z INFO  authenticated client 'mock-mac' from loopback&#xD;
2026-09-09T02:09:11.116Z INFO  START req-0001 rejected: MIC_UNAVAILABLE&#xD;
2026-09-09T02:09:11.150Z INFO  listening on 127.0.0.1:57093 (private interfaces only)&#xD;
2026-09-09T02:09:11.265Z INFO  channel mode set to Left&#xD;
2026-09-09T02:09:11.269Z INFO  connection from 127.0.0.1:57094&#xD;
2026-09-09T02:09:11.270Z INFO  authenticated client 'mock-mac' from loopback&#xD;
2026-09-09T02:09:11.270Z INFO  session sess-2934812daa5b8641 started&#xD;
2026-09-09T02:09:11.271Z WARN  session sess-2934812daa5b8641 ended by microphone loss; no STOP was asked for&#xD;
2026-09-09T02:09:11.321Z INFO  pairing string copied to the clipboard&#xD;
2026-09-09T02:09:11.767Z INFO  TLS handshake with 127.0.0.1:57094 negotiated Tls13&#xD;
2026-09-09T02:09:11.767Z INFO  authenticated client 'mock-mac' from 127.0.0.1:57094&#xD;
2026-09-09T02:09:11.767Z WARN  authentication from loopback failed: the pre-auth deadline expired&#xD;
2026-09-09T02:09:11.768Z INFO  authenticated client 'mock-mac' from loopback&#xD;
2026-09-09T02:09:11.768Z INFO  session sess-08b496caada00e6b started&#xD;
2026-09-09T02:09:11.769Z INFO  connection from 127.0.0.1:57099&#xD;
2026-09-09T02:09:11.771Z INFO  authenticated client 'mock-mac' from loopback&#xD;
2026-09-09T02:09:11.772Z INFO  TLS handshake with 127.0.0.1:57099 negotiated Tls13&#xD;
2026-09-09T02:09:11.772Z INFO  authenticated client 'mock-mac' from loopback&#xD;
2026-09-09T02:09:11.772Z INFO  session sess-2c7e9b8bd473f2ba started&#xD;
2026-09-09T02:09:11.772Z INFO  authenticated client 'mock-mac' from 127.0.0.1:57099&#xD;
2026-09-09T02:09:11.772Z INFO  a newer authenticated connection superseded the previous one&#xD;
2026-09-09T02:09:11.773Z INFO  duplicate START req-0002 returned the existing session sess-2c7e9b8bd473f2ba&#xD;
2026-09-09T02:09:11.773Z INFO  connection from 127.0.0.1:57094 closed&#xD;
2026-09-09T02:09:11.773Z INFO  127.0.0.1:57099 closed the connection&#xD;
2026-09-09T02:09:11.773Z INFO  connection from 127.0.0.1:57099 closed&#xD;
2026-09-09T02:09:11.824Z INFO  listening on 127.0.0.1:57106 (private interfaces only)&#xD;
2026-09-09T02:09:12.793Z INFO  connection from 127.0.0.1:57107&#xD;
2026-09-09T02:09:12.794Z INFO  authenticated client 'mock-mac' from loopback&#xD;
2026-09-09T02:09:12.794Z INFO  session sess-fee970650cf45506 started&#xD;
2026-09-09T02:09:12.795Z WARN  session sess-fee970650cf45506 ended by microphone loss; no STOP was asked for&#xD;
2026-09-09T02:09:12.799Z INFO  authenticated client 'mock-mac' from loopback&#xD;
2026-09-09T02:09:12.799Z INFO  TLS handshake with 127.0.0.1:57107 negotiated Tls13&#xD;
2026-09-09T02:09:12.799Z INFO  START req-0001 rejected: MIC_UNAVAILABLE&#xD;
2026-09-09T02:09:12.799Z INFO  session sess-185464755f813285 started&#xD;
2026-09-09T02:09:14.809Z WARN  authentication from 127.0.0.1:57107 failed: the pre-auth deadline expired&#xD;
2026-09-09T02:09:14.809Z INFO  connection from 127.0.0.1:57107 closed&#xD;
2026-09-09T02:09:14.878Z INFO  listening on 127.0.0.1:57138 (private interfaces only)&#xD;
2026-09-09T02:09:14.920Z INFO  listening on 127.0.0.1:57139 (private interfaces only)&#xD;
2026-09-09T02:09:14.961Z INFO  listening on 127.0.0.1:57140 (private interfaces only)&#xD;
2026-09-09T02:09:14.962Z INFO  connection from 127.0.0.1:57141&#xD;
2026-09-09T02:09:14.970Z INFO  TLS handshake with 127.0.0.1:57141 negotiated Tls13&#xD;
2026-09-09T02:09:14.970Z INFO  authenticated client 'mock-mac' from 127.0.0.1:57141&#xD;
2026-09-09T02:09:14.972Z INFO  connection from 127.0.0.1:57142&#xD;
2026-09-09T02:09:14.975Z INFO  TLS handshake with 127.0.0.1:57142 negotiated Tls13&#xD;
2026-09-09T02:09:16.975Z WARN  authentication from 127.0.0.1:57142 failed: the pre-auth deadline expired&#xD;
2026-09-09T02:09:16.976Z INFO  connection from 127.0.0.1:57142 closed&#xD;
2026-09-09T02:09:18.627Z INFO  authenticated client 'mock-mac' from loopback&#xD;
2026-09-09T02:09:18.987Z INFO  127.0.0.1:57141 closed the connection&#xD;
2026-09-09T02:09:18.987Z INFO  connection from 127.0.0.1:57141 closed&#xD;
2026-09-09T02:09:19.297Z WARN  loopback sent nothing for 0.7 s (limit 0.6 s) - declaring the peer dead&#xD;
2026-09-09T02:09:19.300Z WARN  authentication from loopback failed: the HMAC proof did not verify&#xD;
2026-09-09T02:09:19.303Z INFO  authenticated client 'mock-mac' from loopback&#xD;
2026-09-09T02:09:19.706Z WARN  authentication from loopback failed: the pre-auth deadline expired&#xD;
2026-09-09T02:09:19.710Z INFO  authenticated client 'mock-mac' from loopback&#xD;
2026-09-09T02:09:19.710Z INFO  session sess-064becaac3fd2547 started&#xD;
2026-09-09T02:09:19.710Z INFO  duplicate START req-0002 returned the existing session sess-064becaac3fd2547&#xD;
2026-09-09T02:09:19.724Z INFO  authenticated client 'mock-mac' from loopback&#xD;
2026-09-09T02:09:19.724Z WARN  closing loopback: unsupported protocol version '2'&#xD;
2026-09-09T02:09:19.727Z WARN  authentication from loopback failed: the HMAC proof did not verify&#xD;
2026-09-09T02:09:19.731Z INFO  authenticated client 'mock-mac' from loopback&#xD;
2026-09-09T02:09:19.731Z INFO  session sess-f8b0756fe64a8b6b started&#xD;
2026-09-09T02:09:19.731Z INFO  session sess-f8b0756fe64a8b6b ended; discarded 0 queued audio frames&#xD;
2026-09-09T02:09:19.734Z INFO  authenticated client 'mock-mac' from loopback&#xD;
2026-09-09T02:09:19.734Z INFO  session sess-85a76492bf6d42dd started&#xD;
2026-09-09T02:09:20.041Z WARN  closing loopback: unknown control type 'X?2026-08-11T12:00:00.000Z INFO authenticated cl:'&#xD;
2026-09-09T02:09:20.041Z WARN  authentication from loopback failed: unknown control type 'X?2026-08-11T12:00:00.000Z INFO authenticated cl:'&#xD;
2026-09-09T02:09:20.044Z INFO  authenticated client 'mock-mac' from loopback&#xD;
2026-09-09T02:09:20.044Z INFO  START req-0002 rejected: MIC_UNAVAILABLE&#xD;
2026-09-09T02:09:20.048Z INFO  authenticated client 'mock-mac' from loopback&#xD;
2026-09-09T02:09:20.355Z WARN  authentication from stalled failed: the pre-auth deadline expired&#xD;
2026-09-09T02:09:20.355Z WARN  write to stalled failed: ObjectDisposedException&#xD;
2026-09-09T02:09:20.359Z INFO  loopback closed the connection&#xD;
2026-09-09T02:09:20.360Z INFO  loopback closed the connection&#xD;
2026-09-09T02:09:20.360Z INFO  loopback closed the connection&#xD;
2026-09-09T02:09:20.361Z INFO  loopback closed the connection&#xD;
2026-09-09T02:09:20.361Z INFO  loopback closed the connection&#xD;
2026-09-09T02:09:20.361Z INFO  loopback closed the connection&#xD;
2026-09-09T02:09:20.362Z INFO  loopback closed the connection&#xD;
2026-09-09T02:09:20.362Z INFO  loopback closed the connection&#xD;
2026-09-09T02:09:20.362Z INFO  loopback closed the connection&#xD;
2026-09-09T02:09:20.363Z INFO  loopback closed the connection&#xD;
2026-09-09T02:09:20.363Z INFO  authenticated client 'mock-mac' from loopback&#xD;
2026-09-09T02:09:20.366Z WARN  authentication from loopback failed: expected HELLO before authentication, got PING&#xD;
2026-09-09T02:09:20.369Z INFO  authenticated client 'mock-mac' from loopback&#xD;
2026-09-09T02:09:20.375Z INFO  authenticated client 'mock-mac' from loopback&#xD;
2026-09-09T02:09:20.376Z WARN  closing loopback: received a Audio frame from the client&#xD;
2026-09-09T02:09:20.378Z INFO  authenticated client 'mock-mac' from loopback&#xD;
2026-09-09T02:09:20.998Z WARN  loopback sent nothing for 0.6 s (limit 0.6 s) - declaring the peer dead&#xD;
2026-09-09T02:09:21.002Z INFO  authenticated client 'mock-mac' from loopback&#xD;
2026-09-09T02:09:21.002Z INFO  session sess-9aed005395a6a847 started&#xD;
2026-09-09T02:09:21.002Z INFO  session sess-9aed005395a6a847 ended; discarded 0 queued audio frames&#xD;
2026-09-09T02:09:21.002Z INFO  session sess-9bf1d2dc903c6d28 started&#xD;
2026-09-09T02:09:21.006Z WARN  authentication from loopback failed: the HMAC proof did not verify&#xD;
2026-09-09T02:09:21.007Z WARN  authentication from loopback failed: the HMAC proof did not verify&#xD;
2026-09-09T02:09:21.007Z WARN  authentication from loopback failed: the HMAC proof did not verify&#xD;
2026-09-09T02:09:21.008Z WARN  authentication from loopback failed: the HMAC proof did not verify&#xD;
2026-09-09T02:09:21.009Z WARN  authentication from loopback failed: the HMAC proof did not verify - the agent is now locked out for 30 s&#xD;
2026-09-09T02:09:21.009Z WARN  authentication from loopback refused: locked out for another 30 s after 5 consecutive failures&#xD;
2026-09-09T02:09:21.012Z INFO  authenticated client 'mock-mac' from loopback&#xD;
2026-09-09T02:09:21.012Z WARN  closing loopback: protocol violation: unknown frame type 7&#xD;
[xUnit.net 00:00:10.87]   Finished:    SharedMic.Agent.Tests&#xD;
</StdOut>
    </Output>
  </ResultSummary>
</TestRun>